Start testing: Jun 13 10:07 CST
----------------------------------------------------------
1/40 Testing: disk_test.DiskTest.OpenAndCloseDisk
1/40 Test: disk_test.DiskTest.OpenAndCloseDisk
Command: "/home/timatm/mappingtest/build/tests/disk_test" "--gtest_filter=DiskTest.OpenAndCloseDisk" "--gtest_also_run_disabled_tests"
Directory: /home/timatm/mappingtest/build/tests
"disk_test.DiskTest.OpenAndCloseDisk" start time: Jun 13 10:07 CST
Output:
----------------------------------------------------------
Running main() from /home/timatm/mappingtest/build/_deps/googletest-src/googletest/src/gtest_main.cc
Note: Google Test filter = DiskTest.OpenAndCloseDisk
[==========] Running 1 test from 1 test suite.
[----------] Global test environment set-up.
[----------] 1 test from DiskTest
[ RUN      ] DiskTest.OpenAndCloseDisk
[INFO]  Disk file expanded to 33554432 bytes
[INFO]  Total LBN num: 2048
[INFO]  Open disk success
[       OK ] DiskTest.OpenAndCloseDisk (0 ms)
[----------] 1 test from DiskTest (0 ms total)

[----------] Global test environment tear-down
[==========] 1 test from 1 test suite ran. (0 ms total)
[  PASSED  ] 1 test.
<end of output>
Test time =   0.00 sec
----------------------------------------------------------
Test Passed.
"disk_test.DiskTest.OpenAndCloseDisk" end time: Jun 13 10:07 CST
"disk_test.DiskTest.OpenAndCloseDisk" time elapsed: 00:00:00
----------------------------------------------------------

2/40 Testing: disk_test.DiskTest.WriteAndReadPage
2/40 Test: disk_test.DiskTest.WriteAndReadPage
Command: "/home/timatm/mappingtest/build/tests/disk_test" "--gtest_filter=DiskTest.WriteAndReadPage" "--gtest_also_run_disabled_tests"
Directory: /home/timatm/mappingtest/build/tests
"disk_test.DiskTest.WriteAndReadPage" start time: Jun 13 10:07 CST
Output:
----------------------------------------------------------
Running main() from /home/timatm/mappingtest/build/_deps/googletest-src/googletest/src/gtest_main.cc
Note: Google Test filter = DiskTest.WriteAndReadPage
[==========] Running 1 test from 1 test suite.
[----------] Global test environment set-up.
[----------] 1 test from DiskTest
[ RUN      ] DiskTest.WriteAndReadPage
[INFO]  Disk file expanded to 33554432 bytes
[INFO]  Total LBN num: 2048
[INFO]  Open disk success
[       OK ] DiskTest.WriteAndReadPage (0 ms)
[----------] 1 test from DiskTest (0 ms total)

[----------] Global test environment tear-down
[==========] 1 test from 1 test suite ran. (0 ms total)
[  PASSED  ] 1 test.
<end of output>
Test time =   0.00 sec
----------------------------------------------------------
Test Passed.
"disk_test.DiskTest.WriteAndReadPage" end time: Jun 13 10:07 CST
"disk_test.DiskTest.WriteAndReadPage" time elapsed: 00:00:00
----------------------------------------------------------

3/40 Testing: disk_test.DiskTest.WriteAndReadBlock
3/40 Test: disk_test.DiskTest.WriteAndReadBlock
Command: "/home/timatm/mappingtest/build/tests/disk_test" "--gtest_filter=DiskTest.WriteAndReadBlock" "--gtest_also_run_disabled_tests"
Directory: /home/timatm/mappingtest/build/tests
"disk_test.DiskTest.WriteAndReadBlock" start time: Jun 13 10:07 CST
Output:
----------------------------------------------------------
Running main() from /home/timatm/mappingtest/build/_deps/googletest-src/googletest/src/gtest_main.cc
Note: Google Test filter = DiskTest.WriteAndReadBlock
[==========] Running 1 test from 1 test suite.
[----------] Global test environment set-up.
[----------] 1 test from DiskTest
[ RUN      ] DiskTest.WriteAndReadBlock
[INFO]  Disk file expanded to 33554432 bytes
[INFO]  Total LBN num: 2048
[INFO]  Open disk success
[       OK ] DiskTest.WriteAndReadBlock (5 ms)
[----------] 1 test from DiskTest (5 ms total)

[----------] Global test environment tear-down
[==========] 1 test from 1 test suite ran. (5 ms total)
[  PASSED  ] 1 test.
<end of output>
Test time =   0.01 sec
----------------------------------------------------------
Test Passed.
"disk_test.DiskTest.WriteAndReadBlock" end time: Jun 13 10:07 CST
"disk_test.DiskTest.WriteAndReadBlock" time elapsed: 00:00:00
----------------------------------------------------------

4/40 Testing: initandClose_ims.IMSInterfaceTest.initAndClose
4/40 Test: initandClose_ims.IMSInterfaceTest.initAndClose
Command: "/home/timatm/mappingtest/build/tests/initandClose_ims" "--gtest_filter=IMSInterfaceTest.initAndClose" "--gtest_also_run_disabled_tests"
Directory: /home/timatm/mappingtest/build/tests
"initandClose_ims.IMSInterfaceTest.initAndClose" start time: Jun 13 10:07 CST
Output:
----------------------------------------------------------
Running main() from /home/timatm/mappingtest/build/_deps/googletest-src/googletest/src/gtest_main.cc
Note: Google Test filter = IMSInterfaceTest.initAndClose
[==========] Running 1 test from 1 test suite.
[----------] Global test environment set-up.
[----------] 1 test from IMSInterfaceTest
[ RUN      ] IMSInterfaceTest.initAndClose
[INFO]  Initialize IMS interface
[INFO]  Disk file expanded to 33554432 bytes
[INFO]  Total LBN num: 2048
[INFO]  Open disk success
[INFO]  Magic number mismatch,this disk maybe is new or not IMS disk
[INFO]  try to initialize IMS interface with new super page
[INFO]  LBN pool initialized successfully with 0 used LBNs
[INFO]  Write request for file: 0001.sst, level: 1, range: [5, 20]
[DEBUG] Parent level is 0, no parent node can be linked
[INFO]  My policy selected LBN: 3 from channel: 0
[INFO]  Allocated LBN 3 for file: 0001.sst
[INFO]  Write block to LBN 3 in CH[0] for file: 0001.sst successfully
[INFO]  IMS insert LBN:3 in CH[0] to used list 
[INFO]  Write request for file: 0002.sst, level: 1, range: [22, 45]
[DEBUG] Parent level is 0, no parent node can be linked
[INFO]  My policy selected LBN: 512 from channel: 1
[INFO]  Allocated LBN 512 for file: 0002.sst
[INFO]  Write block to LBN 512 in CH[1] for file: 0002.sst successfully
[INFO]  IMS insert LBN:512 in CH[1] to used list 
[INFO]  Write request for file: 0003.sst, level: 1, range: [50, 90]
[DEBUG] Parent level is 0, no parent node can be linked
[INFO]  My policy selected LBN: 4 from channel: 0
[INFO]  Allocated LBN 4 for file: 0003.sst
[INFO]  Write block to LBN 4 in CH[0] for file: 0003.sst successfully
[INFO]  IMS insert LBN:4 in CH[0] to used list 
[INFO]  Close IMS interface
[INFO]  Flush mapping table to disk at LBN: 1
[INFO]  Flushed mapping table to disk at LPN: 128
[INFO]  Mapping store entry num:3
[INFO]  Mapping store pages num: 1
[INFO]  Log record list is empty, nothing to flush
[INFO]  Used lbn num:3
[INFO]  Used list LBN:3 in CH[0]
[INFO]  Used list LBN:4 in CH[0]
[INFO]  Used list LBN:512 in CH[1]
[INFO]  Tree clear: releasing 3 nodes
[INFO]  Initialize IMS interface
[INFO]  Total LBN num: 2048
[INFO]  Open disk success
[INFO]  Super page magic number is correct, initializing IMS interface
[DEBUG] Parent level is 0, no parent node can be linked
[DEBUG] Parent level is 0, no parent node can be linked
[DEBUG] Parent level is 0, no parent node can be linked
[INFO]  MappingManager insert used LBN:       3 to [CH]: 0
[INFO]  MappingManager insert used LBN:     512 to [CH]: 1
[INFO]  MappingManager insert used LBN:       4 to [CH]: 0
[INFO]  LBN 3 is already in used list, skipping
[INFO]  LBN 4 is already in used list, skipping
[INFO]  LBN 512 is already in used list, skipping
[INFO]  LBN pool initialized successfully with 3 used LBNs
[INFO]  Read data from LBN 3 for file: 0001.sst successfully
[INFO]  Read data from LBN 512 for file: 0002.sst successfully
[INFO]  Read data from LBN 4 for file: 0003.sst successfully
[       OK ] IMSInterfaceTest.initAndClose (20 ms)
[----------] 1 test from IMSInterfaceTest (20 ms total)

[----------] Global test environment tear-down
[==========] 1 test from 1 test suite ran. (20 ms total)
[  PASSED  ] 1 test.
<end of output>
Test time =   0.02 sec
----------------------------------------------------------
Test Passed.
"initandClose_ims.IMSInterfaceTest.initAndClose" end time: Jun 13 10:07 CST
"initandClose_ims.IMSInterfaceTest.initAndClose" time elapsed: 00:00:00
----------------------------------------------------------

5/40 Testing: interface_test.Interface.writeSStable
5/40 Test: interface_test.Interface.writeSStable
Command: "/home/timatm/mappingtest/build/tests/interface_test" "--gtest_filter=Interface.writeSStable" "--gtest_also_run_disabled_tests"
Directory: /home/timatm/mappingtest/build/tests
"interface_test.Interface.writeSStable" start time: Jun 13 10:07 CST
Output:
----------------------------------------------------------
Running main() from /home/timatm/mappingtest/build/_deps/googletest-src/googletest/src/gtest_main.cc
Note: Google Test filter = Interface.writeSStable
[==========] Running 1 test from 1 test suite.
[----------] Global test environment set-up.
[----------] 1 test from Interface
[ RUN      ] Interface.writeSStable
[       OK ] Interface.writeSStable (0 ms)
[----------] 1 test from Interface (0 ms total)

[----------] Global test environment tear-down
[==========] 1 test from 1 test suite ran. (0 ms total)
[  PASSED  ] 1 test.
<end of output>
Test time =   0.00 sec
----------------------------------------------------------
Test Passed.
"interface_test.Interface.writeSStable" end time: Jun 13 10:07 CST
"interface_test.Interface.writeSStable" time elapsed: 00:00:00
----------------------------------------------------------

6/40 Testing: interface_test.Interface.read_sstable
6/40 Test: interface_test.Interface.read_sstable
Command: "/home/timatm/mappingtest/build/tests/interface_test" "--gtest_filter=Interface.read_sstable" "--gtest_also_run_disabled_tests"
Directory: /home/timatm/mappingtest/build/tests
"interface_test.Interface.read_sstable" start time: Jun 13 10:07 CST
Output:
----------------------------------------------------------
Running main() from /home/timatm/mappingtest/build/_deps/googletest-src/googletest/src/gtest_main.cc
Note: Google Test filter = Interface.read_sstable
[==========] Running 1 test from 1 test suite.
[----------] Global test environment set-up.
[----------] 1 test from Interface
[ RUN      ] Interface.read_sstable
[       OK ] Interface.read_sstable (0 ms)
[----------] 1 test from Interface (0 ms total)

[----------] Global test environment tear-down
[==========] 1 test from 1 test suite ran. (0 ms total)
[  PASSED  ] 1 test.
<end of output>
Test time =   0.00 sec
----------------------------------------------------------
Test Passed.
"interface_test.Interface.read_sstable" end time: Jun 13 10:07 CST
"interface_test.Interface.read_sstable" time elapsed: 00:00:00
----------------------------------------------------------

7/40 Testing: interface_test.Interface.search_key
7/40 Test: interface_test.Interface.search_key
Command: "/home/timatm/mappingtest/build/tests/interface_test" "--gtest_filter=Interface.search_key" "--gtest_also_run_disabled_tests"
Directory: /home/timatm/mappingtest/build/tests
"interface_test.Interface.search_key" start time: Jun 13 10:07 CST
Output:
----------------------------------------------------------
Running main() from /home/timatm/mappingtest/build/_deps/googletest-src/googletest/src/gtest_main.cc
Note: Google Test filter = Interface.search_key
[==========] Running 1 test from 1 test suite.
[----------] Global test environment set-up.
[----------] 1 test from Interface
[ RUN      ] Interface.search_key
[       OK ] Interface.search_key (0 ms)
[----------] 1 test from Interface (0 ms total)

[----------] Global test environment tear-down
[==========] 1 test from 1 test suite ran. (0 ms total)
[  PASSED  ] 1 test.
<end of output>
Test time =   0.00 sec
----------------------------------------------------------
Test Passed.
"interface_test.Interface.search_key" end time: Jun 13 10:07 CST
"interface_test.Interface.search_key" time elapsed: 00:00:00
----------------------------------------------------------

8/40 Testing: interface_test.Interface.write_log
8/40 Test: interface_test.Interface.write_log
Command: "/home/timatm/mappingtest/build/tests/interface_test" "--gtest_filter=Interface.write_log" "--gtest_also_run_disabled_tests"
Directory: /home/timatm/mappingtest/build/tests
"interface_test.Interface.write_log" start time: Jun 13 10:07 CST
Output:
----------------------------------------------------------
Running main() from /home/timatm/mappingtest/build/_deps/googletest-src/googletest/src/gtest_main.cc
Note: Google Test filter = Interface.write_log
[==========] Running 1 test from 1 test suite.
[----------] Global test environment set-up.
[----------] 1 test from Interface
[ RUN      ] Interface.write_log
[       OK ] Interface.write_log (0 ms)
[----------] 1 test from Interface (0 ms total)

[----------] Global test environment tear-down
[==========] 1 test from 1 test suite ran. (0 ms total)
[  PASSED  ] 1 test.
<end of output>
Test time =   0.00 sec
----------------------------------------------------------
Test Passed.
"interface_test.Interface.write_log" end time: Jun 13 10:07 CST
"interface_test.Interface.write_log" time elapsed: 00:00:00
----------------------------------------------------------

9/40 Testing: interface_test.Interface.read_log
9/40 Test: interface_test.Interface.read_log
Command: "/home/timatm/mappingtest/build/tests/interface_test" "--gtest_filter=Interface.read_log" "--gtest_also_run_disabled_tests"
Directory: /home/timatm/mappingtest/build/tests
"interface_test.Interface.read_log" start time: Jun 13 10:07 CST
Output:
----------------------------------------------------------
Running main() from /home/timatm/mappingtest/build/_deps/googletest-src/googletest/src/gtest_main.cc
Note: Google Test filter = Interface.read_log
[==========] Running 1 test from 1 test suite.
[----------] Global test environment set-up.
[----------] 1 test from Interface
[ RUN      ] Interface.read_log
[       OK ] Interface.read_log (0 ms)
[----------] 1 test from Interface (0 ms total)

[----------] Global test environment tear-down
[==========] 1 test from 1 test suite ran. (0 ms total)
[  PASSED  ] 1 test.
<end of output>
Test time =   0.00 sec
----------------------------------------------------------
Test Passed.
"interface_test.Interface.read_log" end time: Jun 13 10:07 CST
"interface_test.Interface.read_log" time elapsed: 00:00:00
----------------------------------------------------------

10/40 Testing: lbnPolicy_test.LBN_policy.wrost
10/40 Test: lbnPolicy_test.LBN_policy.wrost
Command: "/home/timatm/mappingtest/build/tests/lbnPolicy_test" "--gtest_filter=LBN_policy.wrost" "--gtest_also_run_disabled_tests"
Directory: /home/timatm/mappingtest/build/tests
"lbnPolicy_test.LBN_policy.wrost" start time: Jun 13 10:07 CST
Output:
----------------------------------------------------------
Running main() from /home/timatm/mappingtest/build/_deps/googletest-src/googletest/src/gtest_main.cc
Note: Google Test filter = LBN_policy.wrost
[==========] Running 1 test from 1 test suite.
[----------] Global test environment set-up.
[----------] 1 test from LBN_policy
[ RUN      ] LBN_policy.wrost
[       OK ] LBN_policy.wrost (0 ms)
[----------] 1 test from LBN_policy (0 ms total)

[----------] Global test environment tear-down
[==========] 1 test from 1 test suite ran. (0 ms total)
[  PASSED  ] 1 test.
<end of output>
Test time =   0.00 sec
----------------------------------------------------------
Test Passed.
"lbnPolicy_test.LBN_policy.wrost" end time: Jun 13 10:07 CST
"lbnPolicy_test.LBN_policy.wrost" time elapsed: 00:00:00
----------------------------------------------------------

11/40 Testing: lbnPolicy_test.LBN_policy.RR_policy
11/40 Test: lbnPolicy_test.LBN_policy.RR_policy
Command: "/home/timatm/mappingtest/build/tests/lbnPolicy_test" "--gtest_filter=LBN_policy.RR_policy" "--gtest_also_run_disabled_tests"
Directory: /home/timatm/mappingtest/build/tests
"lbnPolicy_test.LBN_policy.RR_policy" start time: Jun 13 10:07 CST
Output:
----------------------------------------------------------
Running main() from /home/timatm/mappingtest/build/_deps/googletest-src/googletest/src/gtest_main.cc
Note: Google Test filter = LBN_policy.RR_policy
[==========] Running 1 test from 1 test suite.
[----------] Global test environment set-up.
[----------] 1 test from LBN_policy
[ RUN      ] LBN_policy.RR_policy
[       OK ] LBN_policy.RR_policy (2 ms)
[----------] 1 test from LBN_policy (2 ms total)

[----------] Global test environment tear-down
[==========] 1 test from 1 test suite ran. (2 ms total)
[  PASSED  ] 1 test.
<end of output>
Test time =   0.00 sec
----------------------------------------------------------
Test Passed.
"lbnPolicy_test.LBN_policy.RR_policy" end time: Jun 13 10:07 CST
"lbnPolicy_test.LBN_policy.RR_policy" time elapsed: 00:00:00
----------------------------------------------------------

12/40 Testing: lbnPolicy_test.LBN_policy.levelpolicy
12/40 Test: lbnPolicy_test.LBN_policy.levelpolicy
Command: "/home/timatm/mappingtest/build/tests/lbnPolicy_test" "--gtest_filter=LBN_policy.levelpolicy" "--gtest_also_run_disabled_tests"
Directory: /home/timatm/mappingtest/build/tests
"lbnPolicy_test.LBN_policy.levelpolicy" start time: Jun 13 10:07 CST
Output:
----------------------------------------------------------
Running main() from /home/timatm/mappingtest/build/_deps/googletest-src/googletest/src/gtest_main.cc
Note: Google Test filter = LBN_policy.levelpolicy
[==========] Running 1 test from 1 test suite.
[----------] Global test environment set-up.
[----------] 1 test from LBN_policy
[ RUN      ] LBN_policy.levelpolicy
[INFO]  IMS insert LBN:0 in CH[0] to used list 
[INFO]  IMS insert LBN:1024 in CH[2] to used list 
[INFO]  IMS insert LBN:512 in CH[1] to used list 
[INFO]  IMS insert LBN:1 in CH[0] to used list 
[INFO]  IMS insert LBN:513 in CH[1] to used list 
[INFO]  IMS insert LBN:514 in CH[1] to used list 
[INFO]  IMS insert LBN:1536 in CH[3] to used list 
[INFO]  IMS insert LBN:515 in CH[1] to used list 
[INFO]  IMS insert LBN:1025 in CH[2] to used list 
[INFO]  IMS insert LBN:1026 in CH[2] to used list 
[INFO]  IMS insert LBN:516 in CH[1] to used list 
[INFO]  IMS insert LBN:517 in CH[1] to used list 
[INFO]  IMS insert LBN:518 in CH[1] to used list 
[INFO]  IMS insert LBN:519 in CH[1] to used list 
[INFO]  IMS insert LBN:2 in CH[0] to used list 
[INFO]  IMS insert LBN:520 in CH[1] to used list 
[INFO]  IMS insert LBN:3 in CH[0] to used list 
[INFO]  IMS insert LBN:4 in CH[0] to used list 
[INFO]  IMS insert LBN:521 in CH[1] to used list 
[INFO]  IMS insert LBN:5 in CH[0] to used list 
[INFO]  IMS insert LBN:1537 in CH[3] to used list 
[INFO]  IMS insert LBN:522 in CH[1] to used list 
[INFO]  IMS insert LBN:523 in CH[1] to used list 
[INFO]  IMS insert LBN:6 in CH[0] to used list 
[INFO]  IMS insert LBN:1538 in CH[3] to used list 
[INFO]  IMS insert LBN:7 in CH[0] to used list 
[INFO]  IMS insert LBN:1027 in CH[2] to used list 
[INFO]  IMS insert LBN:1028 in CH[2] to used list 
[INFO]  IMS insert LBN:1029 in CH[2] to used list 
[INFO]  IMS insert LBN:524 in CH[1] to used list 
[INFO]  IMS insert LBN:525 in CH[1] to used list 
[INFO]  IMS insert LBN:1030 in CH[2] to used list 
[INFO]  IMS insert LBN:1031 in CH[2] to used list 
[INFO]  IMS insert LBN:526 in CH[1] to used list 
[INFO]  IMS insert LBN:1032 in CH[2] to used list 
[INFO]  IMS insert LBN:1539 in CH[3] to used list 
[INFO]  IMS insert LBN:1540 in CH[3] to used list 
[INFO]  IMS insert LBN:1033 in CH[2] to used list 
[INFO]  IMS insert LBN:1541 in CH[3] to used list 
[INFO]  IMS insert LBN:1542 in CH[3] to used list 
[INFO]  IMS insert LBN:1543 in CH[3] to used list 
[INFO]  IMS insert LBN:1544 in CH[3] to used list 
[INFO]  IMS insert LBN:8 in CH[0] to used list 
[INFO]  IMS insert LBN:1545 in CH[3] to used list 
[INFO]  IMS insert LBN:1546 in CH[3] to used list 
[INFO]  IMS insert LBN:1034 in CH[2] to used list 
[INFO]  IMS insert LBN:527 in CH[1] to used list 
[INFO]  IMS insert LBN:1547 in CH[3] to used list 
[INFO]  IMS insert LBN:9 in CH[0] to used list 
[INFO]  IMS insert LBN:1035 in CH[2] to used list 
[INFO]  IMS insert LBN:1548 in CH[3] to used list 
[INFO]  IMS insert LBN:528 in CH[1] to used list 
[INFO]  IMS insert LBN:10 in CH[0] to used list 
[INFO]  IMS insert LBN:1549 in CH[3] to used list 
[INFO]  IMS insert LBN:529 in CH[1] to used list 
[INFO]  IMS insert LBN:1036 in CH[2] to used list 
[INFO]  IMS insert LBN:11 in CH[0] to used list 
[INFO]  IMS insert LBN:12 in CH[0] to used list 
[INFO]  IMS insert LBN:530 in CH[1] to used list 
[INFO]  IMS insert LBN:1037 in CH[2] to used list 
[INFO]  IMS insert LBN:531 in CH[1] to used list 
[INFO]  IMS insert LBN:13 in CH[0] to used list 
[INFO]  IMS insert LBN:532 in CH[1] to used list 
[INFO]  IMS insert LBN:533 in CH[1] to used list 
[INFO]  IMS insert LBN:1550 in CH[3] to used list 
[INFO]  IMS insert LBN:1038 in CH[2] to used list 
[INFO]  IMS insert LBN:1039 in CH[2] to used list 
[INFO]  IMS insert LBN:534 in CH[1] to used list 
[INFO]  IMS insert LBN:1040 in CH[2] to used list 
[INFO]  IMS insert LBN:1551 in CH[3] to used list 
[INFO]  IMS insert LBN:535 in CH[1] to used list 
[INFO]  IMS insert LBN:1041 in CH[2] to used list 
[INFO]  IMS insert LBN:1042 in CH[2] to used list 
[INFO]  IMS insert LBN:536 in CH[1] to used list 
[INFO]  IMS insert LBN:537 in CH[1] to used list 
[INFO]  IMS insert LBN:538 in CH[1] to used list 
[INFO]  IMS insert LBN:1552 in CH[3] to used list 
[INFO]  IMS insert LBN:1043 in CH[2] to used list 
[INFO]  IMS insert LBN:539 in CH[1] to used list 
[INFO]  IMS insert LBN:1044 in CH[2] to used list 
[INFO]  IMS insert LBN:1553 in CH[3] to used list 
[INFO]  IMS insert LBN:14 in CH[0] to used list 
[INFO]  IMS insert LBN:540 in CH[1] to used list 
[INFO]  IMS insert LBN:15 in CH[0] to used list 
[INFO]  IMS insert LBN:1554 in CH[3] to used list 
[INFO]  IMS insert LBN:1045 in CH[2] to used list 
[INFO]  IMS insert LBN:541 in CH[1] to used list 
[INFO]  IMS insert LBN:1555 in CH[3] to used list 
[INFO]  IMS insert LBN:1046 in CH[2] to used list 
[INFO]  IMS insert LBN:542 in CH[1] to used list 
[INFO]  IMS insert LBN:543 in CH[1] to used list 
[INFO]  IMS insert LBN:16 in CH[0] to used list 
[INFO]  IMS insert LBN:1556 in CH[3] to used list 
[INFO]  IMS insert LBN:1047 in CH[2] to used list 
[INFO]  IMS insert LBN:1048 in CH[2] to used list 
[INFO]  IMS insert LBN:1049 in CH[2] to used list 
[INFO]  IMS insert LBN:1557 in CH[3] to used list 
[INFO]  IMS insert LBN:1050 in CH[2] to used list 
[INFO]  IMS insert LBN:1051 in CH[2] to used list 
[INFO]  IMS insert LBN:544 in CH[1] to used list 
[INFO]  IMS insert LBN:1052 in CH[2] to used list 
[INFO]  IMS insert LBN:17 in CH[0] to used list 
[INFO]  IMS insert LBN:1053 in CH[2] to used list 
[INFO]  IMS insert LBN:545 in CH[1] to used list 
[INFO]  IMS insert LBN:1558 in CH[3] to used list 
[INFO]  IMS insert LBN:546 in CH[1] to used list 
[INFO]  IMS insert LBN:1054 in CH[2] to used list 
[INFO]  IMS insert LBN:18 in CH[0] to used list 
[INFO]  IMS insert LBN:1055 in CH[2] to used list 
[INFO]  IMS insert LBN:1056 in CH[2] to used list 
[INFO]  IMS insert LBN:19 in CH[0] to used list 
[INFO]  IMS insert LBN:1057 in CH[2] to used list 
[INFO]  IMS insert LBN:1058 in CH[2] to used list 
[INFO]  IMS insert LBN:20 in CH[0] to used list 
[INFO]  IMS insert LBN:547 in CH[1] to used list 
[INFO]  IMS insert LBN:548 in CH[1] to used list 
[INFO]  IMS insert LBN:1559 in CH[3] to used list 
[INFO]  IMS insert LBN:1560 in CH[3] to used list 
[INFO]  IMS insert LBN:1059 in CH[2] to used list 
[INFO]  IMS insert LBN:21 in CH[0] to used list 
[INFO]  IMS insert LBN:1561 in CH[3] to used list 
[INFO]  IMS insert LBN:22 in CH[0] to used list 
[INFO]  IMS insert LBN:1060 in CH[2] to used list 
[INFO]  IMS insert LBN:549 in CH[1] to used list 
[INFO]  IMS insert LBN:23 in CH[0] to used list 
[INFO]  IMS insert LBN:1562 in CH[3] to used list 
[INFO]  IMS insert LBN:550 in CH[1] to used list 
[INFO]  IMS insert LBN:1061 in CH[2] to used list 
[INFO]  IMS insert LBN:551 in CH[1] to used list 
[INFO]  IMS insert LBN:552 in CH[1] to used list 
[INFO]  IMS insert LBN:553 in CH[1] to used list 
[INFO]  IMS insert LBN:1062 in CH[2] to used list 
[INFO]  IMS insert LBN:1563 in CH[3] to used list 
[INFO]  IMS insert LBN:1063 in CH[2] to used list 
[INFO]  IMS insert LBN:24 in CH[0] to used list 
[INFO]  IMS insert LBN:1064 in CH[2] to used list 
[INFO]  IMS insert LBN:1564 in CH[3] to used list 
[INFO]  IMS insert LBN:25 in CH[0] to used list 
[INFO]  IMS insert LBN:26 in CH[0] to used list 
[INFO]  IMS insert LBN:1065 in CH[2] to used list 
[INFO]  IMS insert LBN:554 in CH[1] to used list 
[INFO]  IMS insert LBN:1565 in CH[3] to used list 
[INFO]  IMS insert LBN:27 in CH[0] to used list 
[INFO]  IMS insert LBN:555 in CH[1] to used list 
[INFO]  IMS insert LBN:1566 in CH[3] to used list 
[INFO]  IMS insert LBN:28 in CH[0] to used list 
[INFO]  IMS insert LBN:29 in CH[0] to used list 
[INFO]  IMS insert LBN:1567 in CH[3] to used list 
[INFO]  IMS insert LBN:1066 in CH[2] to used list 
[INFO]  IMS insert LBN:30 in CH[0] to used list 
[INFO]  IMS insert LBN:31 in CH[0] to used list 
[INFO]  IMS insert LBN:1067 in CH[2] to used list 
[INFO]  IMS insert LBN:32 in CH[0] to used list 
[INFO]  IMS insert LBN:33 in CH[0] to used list 
[INFO]  IMS insert LBN:1568 in CH[3] to used list 
[INFO]  IMS insert LBN:1569 in CH[3] to used list 
[INFO]  IMS insert LBN:556 in CH[1] to used list 
[INFO]  IMS insert LBN:1068 in CH[2] to used list 
[INFO]  IMS insert LBN:34 in CH[0] to used list 
[INFO]  IMS insert LBN:1069 in CH[2] to used list 
[INFO]  IMS insert LBN:1570 in CH[3] to used list 
[INFO]  IMS insert LBN:1571 in CH[3] to used list 
[INFO]  IMS insert LBN:557 in CH[1] to used list 
[INFO]  IMS insert LBN:1070 in CH[2] to used list 
[INFO]  IMS insert LBN:558 in CH[1] to used list 
[INFO]  IMS insert LBN:35 in CH[0] to used list 
[INFO]  IMS insert LBN:36 in CH[0] to used list 
[INFO]  IMS insert LBN:1071 in CH[2] to used list 
[INFO]  IMS insert LBN:559 in CH[1] to used list 
[INFO]  IMS insert LBN:560 in CH[1] to used list 
[INFO]  IMS insert LBN:1572 in CH[3] to used list 
[INFO]  IMS insert LBN:37 in CH[0] to used list 
[INFO]  IMS insert LBN:561 in CH[1] to used list 
[INFO]  IMS insert LBN:38 in CH[0] to used list 
[INFO]  IMS insert LBN:1573 in CH[3] to used list 
[INFO]  IMS insert LBN:39 in CH[0] to used list 
[INFO]  IMS insert LBN:1072 in CH[2] to used list 
[INFO]  IMS insert LBN:1073 in CH[2] to used list 
[INFO]  IMS insert LBN:562 in CH[1] to used list 
[INFO]  IMS insert LBN:1574 in CH[3] to used list 
[INFO]  IMS insert LBN:1074 in CH[2] to used list 
[INFO]  IMS insert LBN:1575 in CH[3] to used list 
[INFO]  IMS insert LBN:1576 in CH[3] to used list 
[INFO]  IMS insert LBN:1577 in CH[3] to used list 
[INFO]  IMS insert LBN:40 in CH[0] to used list 
[INFO]  IMS insert LBN:41 in CH[0] to used list 
[INFO]  IMS insert LBN:42 in CH[0] to used list 
[INFO]  IMS insert LBN:43 in CH[0] to used list 
[INFO]  IMS insert LBN:1578 in CH[3] to used list 
[INFO]  IMS insert LBN:44 in CH[0] to used list 
[INFO]  IMS insert LBN:1075 in CH[2] to used list 
[INFO]  IMS insert LBN:1579 in CH[3] to used list 
[INFO]  IMS insert LBN:45 in CH[0] to used list 
[INFO]  IMS insert LBN:46 in CH[0] to used list 
[INFO]  IMS insert LBN:1076 in CH[2] to used list 
[INFO]  IMS insert LBN:1580 in CH[3] to used list 
[INFO]  IMS insert LBN:1581 in CH[3] to used list 
[INFO]  IMS insert LBN:47 in CH[0] to used list 
[INFO]  IMS insert LBN:1582 in CH[3] to used list 
[INFO]  IMS insert LBN:48 in CH[0] to used list 
[INFO]  IMS insert LBN:1583 in CH[3] to used list 
[INFO]  IMS insert LBN:49 in CH[0] to used list 
[INFO]  IMS insert LBN:1077 in CH[2] to used list 
[INFO]  IMS insert LBN:1584 in CH[3] to used list 
[INFO]  IMS insert LBN:563 in CH[1] to used list 
[INFO]  IMS insert LBN:1585 in CH[3] to used list 
[INFO]  IMS insert LBN:564 in CH[1] to used list 
[INFO]  IMS insert LBN:1078 in CH[2] to used list 
[INFO]  IMS insert LBN:1079 in CH[2] to used list 
[INFO]  IMS insert LBN:50 in CH[0] to used list 
[INFO]  IMS insert LBN:565 in CH[1] to used list 
[INFO]  IMS insert LBN:566 in CH[1] to used list 
[INFO]  IMS insert LBN:51 in CH[0] to used list 
[INFO]  IMS insert LBN:567 in CH[1] to used list 
[INFO]  IMS insert LBN:1586 in CH[3] to used list 
[INFO]  IMS insert LBN:1587 in CH[3] to used list 
[INFO]  IMS insert LBN:568 in CH[1] to used list 
[INFO]  IMS insert LBN:52 in CH[0] to used list 
[INFO]  IMS insert LBN:1588 in CH[3] to used list 
[INFO]  IMS insert LBN:1080 in CH[2] to used list 
[INFO]  IMS insert LBN:1081 in CH[2] to used list 
[INFO]  IMS insert LBN:1082 in CH[2] to used list 
[INFO]  IMS insert LBN:1083 in CH[2] to used list 
[INFO]  IMS insert LBN:569 in CH[1] to used list 
[INFO]  IMS insert LBN:1589 in CH[3] to used list 
[INFO]  IMS insert LBN:570 in CH[1] to used list 
[INFO]  IMS insert LBN:53 in CH[0] to used list 
[INFO]  IMS insert LBN:571 in CH[1] to used list 
[INFO]  IMS insert LBN:54 in CH[0] to used list 
[INFO]  IMS insert LBN:572 in CH[1] to used list 
[INFO]  IMS insert LBN:573 in CH[1] to used list 
[INFO]  IMS insert LBN:1084 in CH[2] to used list 
[INFO]  IMS insert LBN:574 in CH[1] to used list 
[INFO]  IMS insert LBN:1085 in CH[2] to used list 
[INFO]  IMS insert LBN:575 in CH[1] to used list 
[INFO]  IMS insert LBN:1590 in CH[3] to used list 
[INFO]  IMS insert LBN:55 in CH[0] to used list 
[INFO]  IMS insert LBN:1086 in CH[2] to used list 
[INFO]  IMS insert LBN:1591 in CH[3] to used list 
[INFO]  IMS insert LBN:1087 in CH[2] to used list 
[INFO]  IMS insert LBN:576 in CH[1] to used list 
[INFO]  IMS insert LBN:1592 in CH[3] to used list 
[INFO]  IMS insert LBN:1088 in CH[2] to used list 
[INFO]  IMS insert LBN:1089 in CH[2] to used list 
[INFO]  IMS insert LBN:1090 in CH[2] to used list 
[INFO]  IMS insert LBN:1091 in CH[2] to used list 
[INFO]  IMS insert LBN:577 in CH[1] to used list 
[INFO]  IMS insert LBN:56 in CH[0] to used list 
[INFO]  IMS insert LBN:578 in CH[1] to used list 
[INFO]  IMS insert LBN:1593 in CH[3] to used list 
[INFO]  IMS insert LBN:1594 in CH[3] to used list 
[INFO]  IMS insert LBN:1092 in CH[2] to used list 
[INFO]  IMS insert LBN:1093 in CH[2] to used list 
[INFO]  IMS insert LBN:57 in CH[0] to used list 
[INFO]  IMS insert LBN:1595 in CH[3] to used list 
[INFO]  IMS insert LBN:1094 in CH[2] to used list 
[INFO]  IMS insert LBN:579 in CH[1] to used list 
[INFO]  IMS insert LBN:1596 in CH[3] to used list 
[INFO]  IMS insert LBN:58 in CH[0] to used list 
[INFO]  IMS insert LBN:580 in CH[1] to used list 
[INFO]  IMS insert LBN:1597 in CH[3] to used list 
[INFO]  IMS insert LBN:59 in CH[0] to used list 
[INFO]  IMS insert LBN:60 in CH[0] to used list 
[INFO]  IMS insert LBN:581 in CH[1] to used list 
[INFO]  IMS insert LBN:582 in CH[1] to used list 
[INFO]  IMS insert LBN:1095 in CH[2] to used list 
[INFO]  IMS insert LBN:1598 in CH[3] to used list 
[INFO]  IMS insert LBN:1096 in CH[2] to used list 
[INFO]  IMS insert LBN:1097 in CH[2] to used list 
[INFO]  IMS insert LBN:1098 in CH[2] to used list 
[INFO]  IMS insert LBN:1099 in CH[2] to used list 
[INFO]  IMS insert LBN:583 in CH[1] to used list 
[INFO]  IMS insert LBN:1100 in CH[2] to used list 
[INFO]  IMS insert LBN:584 in CH[1] to used list 
[INFO]  IMS insert LBN:1599 in CH[3] to used list 
[INFO]  IMS insert LBN:61 in CH[0] to used list 
[INFO]  IMS insert LBN:585 in CH[1] to used list 
[INFO]  IMS insert LBN:586 in CH[1] to used list 
[INFO]  IMS insert LBN:587 in CH[1] to used list 
[INFO]  IMS insert LBN:62 in CH[0] to used list 
[INFO]  IMS insert LBN:1101 in CH[2] to used list 
[INFO]  IMS insert LBN:1600 in CH[3] to used list 
[INFO]  IMS insert LBN:1601 in CH[3] to used list 
[INFO]  IMS insert LBN:588 in CH[1] to used list 
[INFO]  IMS insert LBN:1102 in CH[2] to used list 
[INFO]  IMS insert LBN:1103 in CH[2] to used list 
[INFO]  IMS insert LBN:63 in CH[0] to used list 
[INFO]  IMS insert LBN:1104 in CH[2] to used list 
[INFO]  IMS insert LBN:64 in CH[0] to used list 
[INFO]  IMS insert LBN:65 in CH[0] to used list 
[INFO]  IMS insert LBN:1105 in CH[2] to used list 
[INFO]  IMS insert LBN:1106 in CH[2] to used list 
[INFO]  IMS insert LBN:1602 in CH[3] to used list 
[INFO]  IMS insert LBN:1603 in CH[3] to used list 
[INFO]  IMS insert LBN:589 in CH[1] to used list 
[INFO]  IMS insert LBN:66 in CH[0] to used list 
[INFO]  IMS insert LBN:1107 in CH[2] to used list 
[INFO]  IMS insert LBN:1604 in CH[3] to used list 
[INFO]  IMS insert LBN:1108 in CH[2] to used list 
[INFO]  IMS insert LBN:590 in CH[1] to used list 
[INFO]  IMS insert LBN:1605 in CH[3] to used list 
[INFO]  IMS insert LBN:67 in CH[0] to used list 
[INFO]  IMS insert LBN:1606 in CH[3] to used list 
[INFO]  IMS insert LBN:1607 in CH[3] to used list 
[INFO]  IMS insert LBN:591 in CH[1] to used list 
[INFO]  IMS insert LBN:592 in CH[1] to used list 
[INFO]  IMS insert LBN:1608 in CH[3] to used list 
[INFO]  IMS insert LBN:1609 in CH[3] to used list 
[INFO]  IMS insert LBN:593 in CH[1] to used list 
[INFO]  IMS insert LBN:68 in CH[0] to used list 
[INFO]  IMS insert LBN:1610 in CH[3] to used list 
[INFO]  IMS insert LBN:69 in CH[0] to used list 
[INFO]  IMS insert LBN:594 in CH[1] to used list 
[INFO]  IMS insert LBN:1611 in CH[3] to used list 
[INFO]  IMS insert LBN:595 in CH[1] to used list 
[INFO]  IMS insert LBN:70 in CH[0] to used list 
[INFO]  IMS insert LBN:71 in CH[0] to used list 
[INFO]  IMS insert LBN:1612 in CH[3] to used list 
[INFO]  IMS insert LBN:1613 in CH[3] to used list 
[INFO]  IMS insert LBN:1109 in CH[2] to used list 
[INFO]  IMS insert LBN:1110 in CH[2] to used list 
[INFO]  IMS insert LBN:1111 in CH[2] to used list 
[INFO]  IMS insert LBN:1112 in CH[2] to used list 
[INFO]  IMS insert LBN:1614 in CH[3] to used list 
[INFO]  IMS insert LBN:72 in CH[0] to used list 
[INFO]  IMS insert LBN:1615 in CH[3] to used list 
[INFO]  IMS insert LBN:73 in CH[0] to used list 
[INFO]  IMS insert LBN:1113 in CH[2] to used list 
[INFO]  IMS insert LBN:1114 in CH[2] to used list 
[INFO]  IMS insert LBN:74 in CH[0] to used list 
[INFO]  IMS insert LBN:596 in CH[1] to used list 
[INFO]  IMS insert LBN:597 in CH[1] to used list 
[INFO]  IMS insert LBN:1115 in CH[2] to used list 
[INFO]  IMS insert LBN:1616 in CH[3] to used list 
[INFO]  IMS insert LBN:75 in CH[0] to used list 
[INFO]  IMS insert LBN:76 in CH[0] to used list 
[INFO]  IMS insert LBN:598 in CH[1] to used list 
[INFO]  IMS insert LBN:77 in CH[0] to used list 
[INFO]  IMS insert LBN:1617 in CH[3] to used list 
[INFO]  IMS insert LBN:1618 in CH[3] to used list 
[INFO]  IMS insert LBN:599 in CH[1] to used list 
[INFO]  IMS insert LBN:1619 in CH[3] to used list 
[INFO]  IMS insert LBN:78 in CH[0] to used list 
[INFO]  IMS insert LBN:1620 in CH[3] to used list 
[INFO]  IMS insert LBN:600 in CH[1] to used list 
[INFO]  IMS insert LBN:1116 in CH[2] to used list 
[INFO]  IMS insert LBN:1621 in CH[3] to used list 
[INFO]  IMS insert LBN:79 in CH[0] to used list 
[INFO]  IMS insert LBN:601 in CH[1] to used list 
[INFO]  IMS insert LBN:1117 in CH[2] to used list 
[INFO]  IMS insert LBN:602 in CH[1] to used list 
[INFO]  IMS insert LBN:1622 in CH[3] to used list 
[INFO]  IMS insert LBN:1118 in CH[2] to used list 
[INFO]  IMS insert LBN:1119 in CH[2] to used list 
[INFO]  IMS insert LBN:603 in CH[1] to used list 
[INFO]  IMS insert LBN:1120 in CH[2] to used list 
[INFO]  IMS insert LBN:1121 in CH[2] to used list 
[INFO]  IMS insert LBN:1623 in CH[3] to used list 
[INFO]  IMS insert LBN:1624 in CH[3] to used list 
[INFO]  IMS insert LBN:1625 in CH[3] to used list 
[INFO]  IMS insert LBN:80 in CH[0] to used list 
[INFO]  IMS insert LBN:1626 in CH[3] to used list 
[INFO]  IMS insert LBN:81 in CH[0] to used list 
[INFO]  IMS insert LBN:82 in CH[0] to used list 
[INFO]  IMS insert LBN:1122 in CH[2] to used list 
[INFO]  IMS insert LBN:1123 in CH[2] to used list 
[INFO]  IMS insert LBN:83 in CH[0] to used list 
[INFO]  IMS insert LBN:1627 in CH[3] to used list 
[INFO]  IMS insert LBN:1124 in CH[2] to used list 
[INFO]  IMS insert LBN:604 in CH[1] to used list 
[INFO]  IMS insert LBN:605 in CH[1] to used list 
[INFO]  IMS insert LBN:1125 in CH[2] to used list 
[INFO]  IMS insert LBN:606 in CH[1] to used list 
[INFO]  IMS insert LBN:607 in CH[1] to used list 
[INFO]  IMS insert LBN:608 in CH[1] to used list 
[INFO]  IMS insert LBN:1628 in CH[3] to used list 
[INFO]  IMS insert LBN:84 in CH[0] to used list 
[INFO]  IMS insert LBN:85 in CH[0] to used list 
[INFO]  IMS insert LBN:1126 in CH[2] to used list 
[INFO]  IMS insert LBN:1629 in CH[3] to used list 
[INFO]  IMS insert LBN:609 in CH[1] to used list 
[INFO]  IMS insert LBN:610 in CH[1] to used list 
[INFO]  IMS insert LBN:611 in CH[1] to used list 
[INFO]  IMS insert LBN:612 in CH[1] to used list 
[INFO]  IMS insert LBN:1630 in CH[3] to used list 
[INFO]  IMS insert LBN:613 in CH[1] to used list 
[INFO]  IMS insert LBN:1631 in CH[3] to used list 
[INFO]  IMS insert LBN:86 in CH[0] to used list 
[INFO]  IMS insert LBN:1127 in CH[2] to used list 
[INFO]  IMS insert LBN:1632 in CH[3] to used list 
[INFO]  IMS insert LBN:1128 in CH[2] to used list 
[INFO]  IMS insert LBN:1633 in CH[3] to used list 
[INFO]  IMS insert LBN:1634 in CH[3] to used list 
[INFO]  IMS insert LBN:1129 in CH[2] to used list 
[INFO]  IMS insert LBN:1130 in CH[2] to used list 
[INFO]  IMS insert LBN:1635 in CH[3] to used list 
[INFO]  IMS insert LBN:614 in CH[1] to used list 
[INFO]  IMS insert LBN:615 in CH[1] to used list 
[INFO]  IMS insert LBN:616 in CH[1] to used list 
[INFO]  IMS insert LBN:87 in CH[0] to used list 
[INFO]  IMS insert LBN:1636 in CH[3] to used list 
[INFO]  IMS insert LBN:88 in CH[0] to used list 
[INFO]  IMS insert LBN:89 in CH[0] to used list 
[INFO]  IMS insert LBN:1637 in CH[3] to used list 
[INFO]  IMS insert LBN:90 in CH[0] to used list 
[INFO]  IMS insert LBN:91 in CH[0] to used list 
[INFO]  IMS insert LBN:92 in CH[0] to used list 
[INFO]  IMS insert LBN:617 in CH[1] to used list 
[INFO]  IMS insert LBN:1131 in CH[2] to used list 
[INFO]  IMS insert LBN:618 in CH[1] to used list 
[INFO]  IMS insert LBN:1132 in CH[2] to used list 
[INFO]  IMS insert LBN:93 in CH[0] to used list 
[INFO]  IMS insert LBN:1638 in CH[3] to used list 
[INFO]  IMS insert LBN:1639 in CH[3] to used list 
[INFO]  IMS insert LBN:1133 in CH[2] to used list 
[INFO]  IMS insert LBN:94 in CH[0] to used list 
[INFO]  IMS insert LBN:95 in CH[0] to used list 
[INFO]  IMS insert LBN:1134 in CH[2] to used list 
[INFO]  IMS insert LBN:1640 in CH[3] to used list 
[INFO]  IMS insert LBN:96 in CH[0] to used list 
[INFO]  IMS insert LBN:97 in CH[0] to used list 
[INFO]  IMS insert LBN:619 in CH[1] to used list 
[INFO]  IMS insert LBN:98 in CH[0] to used list 
[INFO]  IMS insert LBN:620 in CH[1] to used list 
[INFO]  IMS insert LBN:1135 in CH[2] to used list 
[INFO]  IMS insert LBN:1641 in CH[3] to used list 
[INFO]  IMS insert LBN:1136 in CH[2] to used list 
[INFO]  IMS insert LBN:1137 in CH[2] to used list 
[INFO]  IMS insert LBN:99 in CH[0] to used list 
[INFO]  IMS insert LBN:621 in CH[1] to used list 
[INFO]  IMS insert LBN:1138 in CH[2] to used list 
[INFO]  IMS insert LBN:1642 in CH[3] to used list 
[INFO]  IMS insert LBN:1139 in CH[2] to used list 
[INFO]  IMS insert LBN:100 in CH[0] to used list 
[INFO]  IMS insert LBN:1140 in CH[2] to used list 
[INFO]  IMS insert LBN:1643 in CH[3] to used list 
[INFO]  IMS insert LBN:101 in CH[0] to used list 
[INFO]  IMS insert LBN:622 in CH[1] to used list 
[INFO]  IMS insert LBN:623 in CH[1] to used list 
[INFO]  IMS insert LBN:1644 in CH[3] to used list 
[INFO]  IMS insert LBN:1645 in CH[3] to used list 
[INFO]  IMS insert LBN:1646 in CH[3] to used list 
[INFO]  IMS insert LBN:102 in CH[0] to used list 
[INFO]  IMS insert LBN:624 in CH[1] to used list 
[INFO]  IMS insert LBN:1141 in CH[2] to used list 
[INFO]  IMS insert LBN:1647 in CH[3] to used list 
[INFO]  IMS insert LBN:1648 in CH[3] to used list 
[INFO]  IMS insert LBN:625 in CH[1] to used list 
[INFO]  IMS insert LBN:626 in CH[1] to used list 
[INFO]  IMS insert LBN:1649 in CH[3] to used list 
[INFO]  IMS insert LBN:1142 in CH[2] to used list 
[INFO]  IMS insert LBN:627 in CH[1] to used list 
[INFO]  IMS insert LBN:628 in CH[1] to used list 
[INFO]  IMS insert LBN:629 in CH[1] to used list 
[INFO]  IMS insert LBN:1650 in CH[3] to used list 
[INFO]  IMS insert LBN:1651 in CH[3] to used list 
[INFO]  IMS insert LBN:1143 in CH[2] to used list 
[INFO]  IMS insert LBN:1652 in CH[3] to used list 
[INFO]  IMS insert LBN:103 in CH[0] to used list 
[INFO]  IMS insert LBN:104 in CH[0] to used list 
[INFO]  IMS insert LBN:1144 in CH[2] to used list 
[INFO]  IMS insert LBN:1145 in CH[2] to used list 
[INFO]  IMS insert LBN:1146 in CH[2] to used list 
[INFO]  IMS insert LBN:105 in CH[0] to used list 
[INFO]  IMS insert LBN:1147 in CH[2] to used list 
[INFO]  IMS insert LBN:630 in CH[1] to used list 
[INFO]  IMS insert LBN:106 in CH[0] to used list 
[INFO]  IMS insert LBN:1148 in CH[2] to used list 
[INFO]  IMS insert LBN:107 in CH[0] to used list 
[INFO]  IMS insert LBN:631 in CH[1] to used list 
[INFO]  IMS insert LBN:1149 in CH[2] to used list 
[INFO]  IMS insert LBN:108 in CH[0] to used list 
[INFO]  IMS insert LBN:632 in CH[1] to used list 
[INFO]  IMS insert LBN:633 in CH[1] to used list 
[INFO]  IMS insert LBN:634 in CH[1] to used list 
[INFO]  IMS insert LBN:109 in CH[0] to used list 
[INFO]  IMS insert LBN:1653 in CH[3] to used list 
[INFO]  IMS insert LBN:1150 in CH[2] to used list 
[INFO]  IMS insert LBN:1151 in CH[2] to used list 
[INFO]  IMS insert LBN:635 in CH[1] to used list 
[INFO]  IMS insert LBN:110 in CH[0] to used list 
[INFO]  IMS insert LBN:1654 in CH[3] to used list 
[INFO]  IMS insert LBN:1152 in CH[2] to used list 
[INFO]  IMS insert LBN:1153 in CH[2] to used list 
[INFO]  IMS insert LBN:1655 in CH[3] to used list 
[INFO]  IMS insert LBN:111 in CH[0] to used list 
[INFO]  IMS insert LBN:1656 in CH[3] to used list 
[INFO]  IMS insert LBN:112 in CH[0] to used list 
[INFO]  IMS insert LBN:1154 in CH[2] to used list 
[INFO]  IMS insert LBN:1155 in CH[2] to used list 
[INFO]  IMS insert LBN:1156 in CH[2] to used list 
[INFO]  IMS insert LBN:1157 in CH[2] to used list 
[INFO]  IMS insert LBN:636 in CH[1] to used list 
[INFO]  IMS insert LBN:1657 in CH[3] to used list 
[INFO]  IMS insert LBN:1658 in CH[3] to used list 
[INFO]  IMS insert LBN:113 in CH[0] to used list 
[INFO]  IMS insert LBN:1659 in CH[3] to used list 
[INFO]  IMS insert LBN:114 in CH[0] to used list 
[INFO]  IMS insert LBN:1158 in CH[2] to used list 
[INFO]  IMS insert LBN:1660 in CH[3] to used list 
[INFO]  IMS insert LBN:637 in CH[1] to used list 
[INFO]  IMS insert LBN:1661 in CH[3] to used list 
[INFO]  IMS insert LBN:638 in CH[1] to used list 
[INFO]  IMS insert LBN:639 in CH[1] to used list 
[INFO]  IMS insert LBN:1159 in CH[2] to used list 
[INFO]  IMS insert LBN:640 in CH[1] to used list 
[INFO]  IMS insert LBN:641 in CH[1] to used list 
[INFO]  IMS insert LBN:1662 in CH[3] to used list 
[INFO]  IMS insert LBN:115 in CH[0] to used list 
[INFO]  IMS insert LBN:116 in CH[0] to used list 
[INFO]  IMS insert LBN:1663 in CH[3] to used list 
[INFO]  IMS insert LBN:1664 in CH[3] to used list 
[INFO]  IMS insert LBN:1665 in CH[3] to used list 
[INFO]  IMS insert LBN:642 in CH[1] to used list 
[INFO]  IMS insert LBN:117 in CH[0] to used list 
[INFO]  IMS insert LBN:1666 in CH[3] to used list 
[INFO]  IMS insert LBN:118 in CH[0] to used list 
[INFO]  IMS insert LBN:119 in CH[0] to used list 
[INFO]  IMS insert LBN:643 in CH[1] to used list 
[INFO]  IMS insert LBN:120 in CH[0] to used list 
[INFO]  IMS insert LBN:644 in CH[1] to used list 
[INFO]  IMS insert LBN:1160 in CH[2] to used list 
[INFO]  IMS insert LBN:1161 in CH[2] to used list 
[INFO]  IMS insert LBN:1162 in CH[2] to used list 
[INFO]  IMS insert LBN:1667 in CH[3] to used list 
[INFO]  IMS insert LBN:121 in CH[0] to used list 
[INFO]  IMS insert LBN:122 in CH[0] to used list 
[INFO]  IMS insert LBN:1163 in CH[2] to used list 
[INFO]  IMS insert LBN:1164 in CH[2] to used list 
[INFO]  IMS insert LBN:123 in CH[0] to used list 
[INFO]  IMS insert LBN:1165 in CH[2] to used list 
[INFO]  IMS insert LBN:1166 in CH[2] to used list 
[INFO]  IMS insert LBN:645 in CH[1] to used list 
[INFO]  IMS insert LBN:646 in CH[1] to used list 
[INFO]  IMS insert LBN:1668 in CH[3] to used list 
[INFO]  IMS insert LBN:647 in CH[1] to used list 
[INFO]  IMS insert LBN:1669 in CH[3] to used list 
[INFO]  IMS insert LBN:1167 in CH[2] to used list 
[INFO]  IMS insert LBN:1168 in CH[2] to used list 
[INFO]  IMS insert LBN:648 in CH[1] to used list 
[INFO]  IMS insert LBN:1670 in CH[3] to used list 
[INFO]  IMS insert LBN:1169 in CH[2] to used list 
[INFO]  IMS insert LBN:124 in CH[0] to used list 
[INFO]  IMS insert LBN:125 in CH[0] to used list 
[INFO]  IMS insert LBN:126 in CH[0] to used list 
[INFO]  IMS insert LBN:127 in CH[0] to used list 
[INFO]  IMS insert LBN:128 in CH[0] to used list 
[INFO]  IMS insert LBN:1671 in CH[3] to used list 
[INFO]  IMS insert LBN:649 in CH[1] to used list 
[INFO]  IMS insert LBN:1672 in CH[3] to used list 
[INFO]  IMS insert LBN:129 in CH[0] to used list 
[INFO]  IMS insert LBN:130 in CH[0] to used list 
[INFO]  IMS insert LBN:1170 in CH[2] to used list 
[INFO]  IMS insert LBN:650 in CH[1] to used list 
[INFO]  IMS insert LBN:131 in CH[0] to used list 
[INFO]  IMS insert LBN:1171 in CH[2] to used list 
[INFO]  IMS insert LBN:651 in CH[1] to used list 
[INFO]  IMS insert LBN:652 in CH[1] to used list 
[INFO]  IMS insert LBN:1673 in CH[3] to used list 
[INFO]  IMS insert LBN:1172 in CH[2] to used list 
[INFO]  IMS insert LBN:653 in CH[1] to used list 
[INFO]  IMS insert LBN:654 in CH[1] to used list 
[INFO]  IMS insert LBN:132 in CH[0] to used list 
[INFO]  IMS insert LBN:655 in CH[1] to used list 
[INFO]  IMS insert LBN:1674 in CH[3] to used list 
[INFO]  IMS insert LBN:133 in CH[0] to used list 
[INFO]  IMS insert LBN:134 in CH[0] to used list 
[INFO]  IMS insert LBN:656 in CH[1] to used list 
[INFO]  IMS insert LBN:135 in CH[0] to used list 
[INFO]  IMS insert LBN:657 in CH[1] to used list 
[INFO]  IMS insert LBN:1675 in CH[3] to used list 
[INFO]  IMS insert LBN:1676 in CH[3] to used list 
[INFO]  IMS insert LBN:1173 in CH[2] to used list 
[INFO]  IMS insert LBN:1174 in CH[2] to used list 
[INFO]  IMS insert LBN:136 in CH[0] to used list 
[INFO]  IMS insert LBN:1677 in CH[3] to used list 
[INFO]  IMS insert LBN:1678 in CH[3] to used list 
[INFO]  IMS insert LBN:658 in CH[1] to used list 
[INFO]  IMS insert LBN:1679 in CH[3] to used list 
[INFO]  IMS insert LBN:137 in CH[0] to used list 
[INFO]  IMS insert LBN:1680 in CH[3] to used list 
[INFO]  IMS insert LBN:138 in CH[0] to used list 
[INFO]  IMS insert LBN:659 in CH[1] to used list 
[INFO]  IMS insert LBN:660 in CH[1] to used list 
[INFO]  IMS insert LBN:1175 in CH[2] to used list 
[INFO]  IMS insert LBN:139 in CH[0] to used list 
[INFO]  IMS insert LBN:1176 in CH[2] to used list 
[INFO]  IMS insert LBN:661 in CH[1] to used list 
[INFO]  IMS insert LBN:1177 in CH[2] to used list 
[INFO]  IMS insert LBN:140 in CH[0] to used list 
[INFO]  IMS insert LBN:141 in CH[0] to used list 
[INFO]  IMS insert LBN:662 in CH[1] to used list 
[INFO]  IMS insert LBN:1178 in CH[2] to used list 
[INFO]  IMS insert LBN:142 in CH[0] to used list 
[INFO]  IMS insert LBN:1179 in CH[2] to used list 
[INFO]  IMS insert LBN:1681 in CH[3] to used list 
[INFO]  IMS insert LBN:1682 in CH[3] to used list 
[INFO]  IMS insert LBN:1683 in CH[3] to used list 
[INFO]  IMS insert LBN:663 in CH[1] to used list 
[INFO]  IMS insert LBN:664 in CH[1] to used list 
[INFO]  IMS insert LBN:665 in CH[1] to used list 
[INFO]  IMS insert LBN:1684 in CH[3] to used list 
[INFO]  IMS insert LBN:1180 in CH[2] to used list 
[INFO]  IMS insert LBN:143 in CH[0] to used list 
[INFO]  IMS insert LBN:144 in CH[0] to used list 
[INFO]  IMS insert LBN:666 in CH[1] to used list 
[INFO]  IMS insert LBN:1685 in CH[3] to used list 
[INFO]  IMS insert LBN:1686 in CH[3] to used list 
[INFO]  IMS insert LBN:667 in CH[1] to used list 
[INFO]  IMS insert LBN:1181 in CH[2] to used list 
[INFO]  IMS insert LBN:145 in CH[0] to used list 
[INFO]  IMS insert LBN:1182 in CH[2] to used list 
[INFO]  IMS insert LBN:146 in CH[0] to used list 
[INFO]  IMS insert LBN:668 in CH[1] to used list 
[INFO]  IMS insert LBN:669 in CH[1] to used list 
[INFO]  IMS insert LBN:1183 in CH[2] to used list 
[INFO]  IMS insert LBN:1184 in CH[2] to used list 
[INFO]  IMS insert LBN:1185 in CH[2] to used list 
[INFO]  IMS insert LBN:147 in CH[0] to used list 
[INFO]  IMS insert LBN:148 in CH[0] to used list 
[INFO]  IMS insert LBN:1687 in CH[3] to used list 
[INFO]  IMS insert LBN:670 in CH[1] to used list 
[INFO]  IMS insert LBN:149 in CH[0] to used list 
[INFO]  IMS insert LBN:1688 in CH[3] to used list 
[INFO]  IMS insert LBN:150 in CH[0] to used list 
[INFO]  IMS insert LBN:1186 in CH[2] to used list 
[INFO]  IMS insert LBN:671 in CH[1] to used list 
[INFO]  IMS insert LBN:151 in CH[0] to used list 
[INFO]  IMS insert LBN:152 in CH[0] to used list 
[INFO]  IMS insert LBN:1187 in CH[2] to used list 
[INFO]  IMS insert LBN:672 in CH[1] to used list 
[INFO]  IMS insert LBN:1689 in CH[3] to used list 
[INFO]  IMS insert LBN:1690 in CH[3] to used list 
[INFO]  IMS insert LBN:1691 in CH[3] to used list 
[INFO]  IMS insert LBN:1692 in CH[3] to used list 
[INFO]  IMS insert LBN:1188 in CH[2] to used list 
[INFO]  IMS insert LBN:673 in CH[1] to used list 
[INFO]  IMS insert LBN:674 in CH[1] to used list 
[INFO]  IMS insert LBN:1693 in CH[3] to used list 
[INFO]  IMS insert LBN:1189 in CH[2] to used list 
[INFO]  IMS insert LBN:153 in CH[0] to used list 
[INFO]  IMS insert LBN:1694 in CH[3] to used list 
[INFO]  IMS insert LBN:154 in CH[0] to used list 
[INFO]  IMS insert LBN:155 in CH[0] to used list 
[INFO]  IMS insert LBN:1190 in CH[2] to used list 
[INFO]  IMS insert LBN:1191 in CH[2] to used list 
[INFO]  IMS insert LBN:675 in CH[1] to used list 
[INFO]  IMS insert LBN:1695 in CH[3] to used list 
[INFO]  IMS insert LBN:1192 in CH[2] to used list 
[INFO]  IMS insert LBN:1193 in CH[2] to used list 
[INFO]  IMS insert LBN:1696 in CH[3] to used list 
[INFO]  IMS insert LBN:1697 in CH[3] to used list 
[INFO]  IMS insert LBN:1698 in CH[3] to used list 
[INFO]  IMS insert LBN:156 in CH[0] to used list 
[INFO]  IMS insert LBN:1699 in CH[3] to used list 
[INFO]  IMS insert LBN:1700 in CH[3] to used list 
[INFO]  IMS insert LBN:1701 in CH[3] to used list 
[INFO]  IMS insert LBN:1194 in CH[2] to used list 
[INFO]  IMS insert LBN:676 in CH[1] to used list 
[INFO]  IMS insert LBN:1195 in CH[2] to used list 
[INFO]  IMS insert LBN:157 in CH[0] to used list 
[INFO]  IMS insert LBN:1196 in CH[2] to used list 
[INFO]  IMS insert LBN:677 in CH[1] to used list 
[INFO]  IMS insert LBN:158 in CH[0] to used list 
[INFO]  IMS insert LBN:678 in CH[1] to used list 
[INFO]  IMS insert LBN:1197 in CH[2] to used list 
[INFO]  IMS insert LBN:679 in CH[1] to used list 
[INFO]  IMS insert LBN:680 in CH[1] to used list 
[INFO]  IMS insert LBN:159 in CH[0] to used list 
[INFO]  IMS insert LBN:1702 in CH[3] to used list 
[INFO]  IMS insert LBN:681 in CH[1] to used list 
[INFO]  IMS insert LBN:1198 in CH[2] to used list 
[INFO]  IMS insert LBN:682 in CH[1] to used list 
[INFO]  IMS insert LBN:683 in CH[1] to used list 
[INFO]  IMS insert LBN:684 in CH[1] to used list 
[INFO]  IMS insert LBN:1199 in CH[2] to used list 
[INFO]  IMS insert LBN:1703 in CH[3] to used list 
[INFO]  IMS insert LBN:685 in CH[1] to used list 
[INFO]  IMS insert LBN:160 in CH[0] to used list 
[INFO]  IMS insert LBN:161 in CH[0] to used list 
[INFO]  IMS insert LBN:162 in CH[0] to used list 
[INFO]  IMS insert LBN:163 in CH[0] to used list 
[INFO]  IMS insert LBN:1200 in CH[2] to used list 
[INFO]  IMS insert LBN:1704 in CH[3] to used list 
[INFO]  IMS insert LBN:1705 in CH[3] to used list 
[INFO]  IMS insert LBN:1706 in CH[3] to used list 
[INFO]  IMS insert LBN:1707 in CH[3] to used list 
[INFO]  IMS insert LBN:686 in CH[1] to used list 
[INFO]  IMS insert LBN:1708 in CH[3] to used list 
[INFO]  IMS insert LBN:1709 in CH[3] to used list 
[INFO]  IMS insert LBN:164 in CH[0] to used list 
[INFO]  IMS insert LBN:687 in CH[1] to used list 
[INFO]  IMS insert LBN:688 in CH[1] to used list 
[INFO]  IMS insert LBN:165 in CH[0] to used list 
[INFO]  IMS insert LBN:166 in CH[0] to used list 
[INFO]  IMS insert LBN:1201 in CH[2] to used list 
[INFO]  IMS insert LBN:689 in CH[1] to used list 
[INFO]  IMS insert LBN:167 in CH[0] to used list 
[INFO]  IMS insert LBN:690 in CH[1] to used list 
[INFO]  IMS insert LBN:1710 in CH[3] to used list 
[INFO]  IMS insert LBN:1202 in CH[2] to used list 
[INFO]  IMS insert LBN:168 in CH[0] to used list 
[INFO]  IMS insert LBN:169 in CH[0] to used list 
[INFO]  IMS insert LBN:691 in CH[1] to used list 
[INFO]  IMS insert LBN:1203 in CH[2] to used list 
[INFO]  IMS insert LBN:692 in CH[1] to used list 
[INFO]  IMS insert LBN:1204 in CH[2] to used list 
[INFO]  IMS insert LBN:1711 in CH[3] to used list 
[INFO]  IMS insert LBN:693 in CH[1] to used list 
[INFO]  IMS insert LBN:170 in CH[0] to used list 
[INFO]  IMS insert LBN:694 in CH[1] to used list 
[INFO]  IMS insert LBN:695 in CH[1] to used list 
[INFO]  IMS insert LBN:1205 in CH[2] to used list 
[INFO]  IMS insert LBN:1712 in CH[3] to used list 
[INFO]  IMS insert LBN:1713 in CH[3] to used list 
[INFO]  IMS insert LBN:696 in CH[1] to used list 
[INFO]  IMS insert LBN:171 in CH[0] to used list 
[INFO]  IMS insert LBN:1206 in CH[2] to used list 
[INFO]  IMS insert LBN:1207 in CH[2] to used list 
[INFO]  IMS insert LBN:697 in CH[1] to used list 
[INFO]  IMS insert LBN:1714 in CH[3] to used list 
[INFO]  IMS insert LBN:1208 in CH[2] to used list 
[INFO]  IMS insert LBN:172 in CH[0] to used list 
[INFO]  IMS insert LBN:173 in CH[0] to used list 
[INFO]  IMS insert LBN:698 in CH[1] to used list 
[INFO]  IMS insert LBN:174 in CH[0] to used list 
[INFO]  IMS insert LBN:699 in CH[1] to used list 
[INFO]  IMS insert LBN:1209 in CH[2] to used list 
[INFO]  IMS insert LBN:175 in CH[0] to used list 
[INFO]  IMS insert LBN:176 in CH[0] to used list 
[INFO]  IMS insert LBN:700 in CH[1] to used list 
[INFO]  IMS insert LBN:701 in CH[1] to used list 
[INFO]  IMS insert LBN:1210 in CH[2] to used list 
[INFO]  IMS insert LBN:1715 in CH[3] to used list 
[INFO]  IMS insert LBN:702 in CH[1] to used list 
[INFO]  IMS insert LBN:1716 in CH[3] to used list 
[INFO]  IMS insert LBN:703 in CH[1] to used list 
[INFO]  IMS insert LBN:704 in CH[1] to used list 
[INFO]  IMS insert LBN:177 in CH[0] to used list 
[INFO]  IMS insert LBN:1211 in CH[2] to used list 
[INFO]  IMS insert LBN:1717 in CH[3] to used list 
[INFO]  IMS insert LBN:1212 in CH[2] to used list 
[INFO]  IMS insert LBN:1718 in CH[3] to used list 
[INFO]  IMS insert LBN:705 in CH[1] to used list 
[INFO]  IMS insert LBN:706 in CH[1] to used list 
[INFO]  IMS insert LBN:707 in CH[1] to used list 
[INFO]  IMS insert LBN:708 in CH[1] to used list 
[INFO]  IMS insert LBN:1719 in CH[3] to used list 
[INFO]  IMS insert LBN:1213 in CH[2] to used list 
[INFO]  IMS insert LBN:178 in CH[0] to used list 
[INFO]  IMS insert LBN:1214 in CH[2] to used list 
[INFO]  IMS insert LBN:1215 in CH[2] to used list 
[INFO]  IMS insert LBN:1720 in CH[3] to used list 
[INFO]  IMS insert LBN:1721 in CH[3] to used list 
[INFO]  IMS insert LBN:709 in CH[1] to used list 
[INFO]  IMS insert LBN:710 in CH[1] to used list 
[INFO]  IMS insert LBN:1722 in CH[3] to used list 
[INFO]  IMS insert LBN:179 in CH[0] to used list 
[INFO]  IMS insert LBN:1723 in CH[3] to used list 
[INFO]  IMS insert LBN:711 in CH[1] to used list 
[INFO]  IMS insert LBN:712 in CH[1] to used list 
[INFO]  IMS insert LBN:1724 in CH[3] to used list 
[INFO]  IMS insert LBN:1725 in CH[3] to used list 
[INFO]  IMS insert LBN:1216 in CH[2] to used list 
[INFO]  IMS insert LBN:1217 in CH[2] to used list 
[INFO]  IMS insert LBN:1726 in CH[3] to used list 
[INFO]  IMS insert LBN:713 in CH[1] to used list 
[INFO]  IMS insert LBN:714 in CH[1] to used list 
[INFO]  IMS insert LBN:180 in CH[0] to used list 
[INFO]  IMS insert LBN:715 in CH[1] to used list 
[INFO]  IMS insert LBN:181 in CH[0] to used list 
[INFO]  IMS insert LBN:716 in CH[1] to used list 
[INFO]  IMS insert LBN:1727 in CH[3] to used list 
[INFO]  IMS insert LBN:182 in CH[0] to used list 
[INFO]  IMS insert LBN:183 in CH[0] to used list 
[INFO]  IMS insert LBN:1728 in CH[3] to used list 
[INFO]  IMS insert LBN:1729 in CH[3] to used list 
[INFO]  IMS insert LBN:717 in CH[1] to used list 
[INFO]  IMS insert LBN:718 in CH[1] to used list 
[INFO]  IMS insert LBN:1218 in CH[2] to used list 
[INFO]  IMS insert LBN:1219 in CH[2] to used list 
[INFO]  IMS insert LBN:1220 in CH[2] to used list 
[INFO]  IMS insert LBN:1221 in CH[2] to used list 
[INFO]  IMS insert LBN:1222 in CH[2] to used list 
[INFO]  IMS insert LBN:1223 in CH[2] to used list 
[INFO]  IMS insert LBN:719 in CH[1] to used list 
[INFO]  IMS insert LBN:720 in CH[1] to used list 
[INFO]  IMS insert LBN:1730 in CH[3] to used list 
[INFO]  IMS insert LBN:184 in CH[0] to used list 
[INFO]  IMS insert LBN:721 in CH[1] to used list 
[INFO]  IMS insert LBN:1731 in CH[3] to used list 
[INFO]  IMS insert LBN:722 in CH[1] to used list 
[INFO]  IMS insert LBN:1224 in CH[2] to used list 
[INFO]  IMS insert LBN:1225 in CH[2] to used list 
[INFO]  IMS insert LBN:1732 in CH[3] to used list 
[INFO]  IMS insert LBN:1226 in CH[2] to used list 
[INFO]  IMS insert LBN:723 in CH[1] to used list 
[INFO]  IMS insert LBN:1733 in CH[3] to used list 
[INFO]  IMS insert LBN:724 in CH[1] to used list 
[INFO]  IMS insert LBN:185 in CH[0] to used list 
[INFO]  IMS insert LBN:1227 in CH[2] to used list 
[INFO]  IMS insert LBN:1734 in CH[3] to used list 
[INFO]  IMS insert LBN:186 in CH[0] to used list 
[INFO]  IMS insert LBN:1735 in CH[3] to used list 
[INFO]  IMS insert LBN:1228 in CH[2] to used list 
[INFO]  IMS insert LBN:1229 in CH[2] to used list 
[INFO]  IMS insert LBN:1230 in CH[2] to used list 
[INFO]  IMS insert LBN:187 in CH[0] to used list 
[INFO]  IMS insert LBN:725 in CH[1] to used list 
[INFO]  IMS insert LBN:1736 in CH[3] to used list 
[INFO]  IMS insert LBN:1231 in CH[2] to used list 
[INFO]  IMS insert LBN:188 in CH[0] to used list 
[INFO]  IMS insert LBN:1232 in CH[2] to used list 
[INFO]  IMS insert LBN:189 in CH[0] to used list 
[INFO]  IMS insert LBN:1233 in CH[2] to used list 
[INFO]  IMS insert LBN:726 in CH[1] to used list 
[INFO]  IMS insert LBN:1737 in CH[3] to used list 
[INFO]  IMS insert LBN:727 in CH[1] to used list 
[INFO]  IMS insert LBN:1234 in CH[2] to used list 
[INFO]  IMS insert LBN:1235 in CH[2] to used list 
[INFO]  IMS insert LBN:1738 in CH[3] to used list 
[INFO]  IMS insert LBN:1739 in CH[3] to used list 
[INFO]  IMS insert LBN:1236 in CH[2] to used list 
[INFO]  IMS insert LBN:190 in CH[0] to used list 
[INFO]  IMS insert LBN:1740 in CH[3] to used list 
[INFO]  IMS insert LBN:1237 in CH[2] to used list 
[INFO]  IMS insert LBN:191 in CH[0] to used list 
[INFO]  IMS insert LBN:192 in CH[0] to used list 
[INFO]  IMS insert LBN:193 in CH[0] to used list 
[INFO]  IMS insert LBN:1741 in CH[3] to used list 
[INFO]  IMS insert LBN:1238 in CH[2] to used list 
[INFO]  IMS insert LBN:194 in CH[0] to used list 
[INFO]  IMS insert LBN:1742 in CH[3] to used list 
[INFO]  IMS insert LBN:195 in CH[0] to used list 
[INFO]  IMS insert LBN:728 in CH[1] to used list 
[INFO]  IMS insert LBN:1743 in CH[3] to used list 
[INFO]  IMS insert LBN:1239 in CH[2] to used list 
[INFO]  IMS insert LBN:1744 in CH[3] to used list 
[INFO]  IMS insert LBN:729 in CH[1] to used list 
[INFO]  IMS insert LBN:1240 in CH[2] to used list 
[INFO]  IMS insert LBN:196 in CH[0] to used list 
[INFO]  IMS insert LBN:1241 in CH[2] to used list 
[INFO]  IMS insert LBN:1745 in CH[3] to used list 
[INFO]  IMS insert LBN:197 in CH[0] to used list 
[INFO]  IMS insert LBN:198 in CH[0] to used list 
[INFO]  IMS insert LBN:730 in CH[1] to used list 
[INFO]  IMS insert LBN:1746 in CH[3] to used list 
[INFO]  IMS insert LBN:1242 in CH[2] to used list 
[INFO]  IMS insert LBN:1243 in CH[2] to used list 
[INFO]  IMS insert LBN:199 in CH[0] to used list 
[INFO]  IMS insert LBN:200 in CH[0] to used list 
[INFO]  IMS insert LBN:201 in CH[0] to used list 
[INFO]  IMS insert LBN:1244 in CH[2] to used list 
[INFO]  IMS insert LBN:1747 in CH[3] to used list 
[INFO]  IMS insert LBN:1748 in CH[3] to used list 
[INFO]  IMS insert LBN:731 in CH[1] to used list 
[INFO]  IMS insert LBN:202 in CH[0] to used list 
[INFO]  IMS insert LBN:1749 in CH[3] to used list 
[INFO]  IMS insert LBN:203 in CH[0] to used list 
[INFO]  IMS insert LBN:1245 in CH[2] to used list 
[INFO]  IMS insert LBN:732 in CH[1] to used list 
[INFO]  IMS insert LBN:1750 in CH[3] to used list 
[INFO]  IMS insert LBN:1751 in CH[3] to used list 
[INFO]  IMS insert LBN:204 in CH[0] to used list 
[INFO]  IMS insert LBN:205 in CH[0] to used list 
[INFO]  IMS insert LBN:206 in CH[0] to used list 
[INFO]  IMS insert LBN:207 in CH[0] to used list 
[INFO]  IMS insert LBN:1752 in CH[3] to used list 
[INFO]  IMS insert LBN:208 in CH[0] to used list 
[INFO]  IMS insert LBN:1753 in CH[3] to used list 
[INFO]  IMS insert LBN:733 in CH[1] to used list 
[INFO]  IMS insert LBN:734 in CH[1] to used list 
[INFO]  IMS insert LBN:209 in CH[0] to used list 
[INFO]  IMS insert LBN:735 in CH[1] to used list 
[INFO]  IMS insert LBN:1754 in CH[3] to used list 
[INFO]  IMS insert LBN:210 in CH[0] to used list 
[INFO]  IMS insert LBN:1755 in CH[3] to used list 
[INFO]  IMS insert LBN:736 in CH[1] to used list 
[INFO]  IMS insert LBN:1756 in CH[3] to used list 
[INFO]  IMS insert LBN:211 in CH[0] to used list 
[INFO]  IMS insert LBN:1246 in CH[2] to used list 
[INFO]  IMS insert LBN:1247 in CH[2] to used list 
[INFO]  IMS insert LBN:1248 in CH[2] to used list 
[INFO]  IMS insert LBN:212 in CH[0] to used list 
[INFO]  IMS insert LBN:213 in CH[0] to used list 
[INFO]  IMS insert LBN:1249 in CH[2] to used list 
[INFO]  IMS insert LBN:1250 in CH[2] to used list 
[INFO]  IMS insert LBN:1757 in CH[3] to used list 
[INFO]  IMS insert LBN:737 in CH[1] to used list 
[INFO]  IMS insert LBN:738 in CH[1] to used list 
[INFO]  IMS insert LBN:1251 in CH[2] to used list 
[INFO]  IMS insert LBN:1758 in CH[3] to used list 
[INFO]  IMS insert LBN:214 in CH[0] to used list 
[INFO]  IMS insert LBN:1252 in CH[2] to used list 
[INFO]  IMS insert LBN:1759 in CH[3] to used list 
[INFO]  IMS insert LBN:215 in CH[0] to used list 
[INFO]  IMS insert LBN:1760 in CH[3] to used list 
[INFO]  IMS insert LBN:739 in CH[1] to used list 
[INFO]  IMS insert LBN:740 in CH[1] to used list 
[INFO]  IMS insert LBN:1253 in CH[2] to used list 
[INFO]  IMS insert LBN:1254 in CH[2] to used list 
[INFO]  IMS insert LBN:1761 in CH[3] to used list 
[INFO]  IMS insert LBN:741 in CH[1] to used list 
[INFO]  IMS insert LBN:1762 in CH[3] to used list 
[INFO]  IMS insert LBN:216 in CH[0] to used list 
[INFO]  IMS insert LBN:1255 in CH[2] to used list 
[INFO]  IMS insert LBN:1763 in CH[3] to used list 
[INFO]  IMS insert LBN:1256 in CH[2] to used list 
[INFO]  IMS insert LBN:1257 in CH[2] to used list 
[INFO]  IMS insert LBN:1764 in CH[3] to used list 
[INFO]  IMS insert LBN:1258 in CH[2] to used list 
[INFO]  IMS insert LBN:217 in CH[0] to used list 
[INFO]  IMS insert LBN:1765 in CH[3] to used list 
[INFO]  IMS insert LBN:1766 in CH[3] to used list 
[INFO]  IMS insert LBN:1259 in CH[2] to used list 
[INFO]  IMS insert LBN:1260 in CH[2] to used list 
[INFO]  IMS insert LBN:218 in CH[0] to used list 
[INFO]  IMS insert LBN:1767 in CH[3] to used list 
[INFO]  IMS insert LBN:742 in CH[1] to used list 
[INFO]  IMS insert LBN:1261 in CH[2] to used list 
[INFO]  IMS insert LBN:1262 in CH[2] to used list 
[INFO]  IMS insert LBN:1263 in CH[2] to used list 
[INFO]  IMS insert LBN:1768 in CH[3] to used list 
[INFO]  IMS insert LBN:1769 in CH[3] to used list 
[INFO]  IMS insert LBN:1770 in CH[3] to used list 
[INFO]  IMS insert LBN:219 in CH[0] to used list 
[INFO]  IMS insert LBN:743 in CH[1] to used list 
[INFO]  IMS insert LBN:744 in CH[1] to used list 
[INFO]  IMS insert LBN:1264 in CH[2] to used list 
[INFO]  IMS insert LBN:1265 in CH[2] to used list 
[INFO]  IMS insert LBN:220 in CH[0] to used list 
[INFO]  IMS insert LBN:745 in CH[1] to used list 
[INFO]  IMS insert LBN:1266 in CH[2] to used list 
[INFO]  IMS insert LBN:746 in CH[1] to used list 
[INFO]  IMS insert LBN:1267 in CH[2] to used list 
[INFO]  IMS insert LBN:1268 in CH[2] to used list 
[INFO]  IMS insert LBN:1771 in CH[3] to used list 
[INFO]  IMS insert LBN:1269 in CH[2] to used list 
[INFO]  IMS insert LBN:1270 in CH[2] to used list 
[INFO]  IMS insert LBN:747 in CH[1] to used list 
[INFO]  IMS insert LBN:221 in CH[0] to used list 
[INFO]  IMS insert LBN:222 in CH[0] to used list 
[INFO]  IMS insert LBN:1772 in CH[3] to used list 
[INFO]  IMS insert LBN:1773 in CH[3] to used list 
[INFO]  IMS insert LBN:1774 in CH[3] to used list 
[INFO]  IMS insert LBN:748 in CH[1] to used list 
[INFO]  IMS insert LBN:1775 in CH[3] to used list 
[INFO]  IMS insert LBN:749 in CH[1] to used list 
[INFO]  IMS insert LBN:223 in CH[0] to used list 
[INFO]  IMS insert LBN:1776 in CH[3] to used list 
[INFO]  IMS insert LBN:224 in CH[0] to used list 
[INFO]  IMS insert LBN:1271 in CH[2] to used list 
[INFO]  IMS insert LBN:750 in CH[1] to used list 
[INFO]  IMS insert LBN:1272 in CH[2] to used list 
[INFO]  IMS insert LBN:1273 in CH[2] to used list 
[INFO]  IMS insert LBN:1274 in CH[2] to used list 
[INFO]  IMS insert LBN:225 in CH[0] to used list 
[INFO]  IMS insert LBN:1275 in CH[2] to used list 
[INFO]  IMS insert LBN:226 in CH[0] to used list 
[INFO]  IMS insert LBN:227 in CH[0] to used list 
[INFO]  IMS insert LBN:228 in CH[0] to used list 
[INFO]  IMS insert LBN:1276 in CH[2] to used list 
[INFO]  IMS insert LBN:751 in CH[1] to used list 
[INFO]  IMS insert LBN:1777 in CH[3] to used list 
[INFO]  IMS insert LBN:229 in CH[0] to used list 
[INFO]  IMS insert LBN:1277 in CH[2] to used list 
[INFO]  IMS insert LBN:230 in CH[0] to used list 
[INFO]  IMS insert LBN:231 in CH[0] to used list 
[INFO]  IMS insert LBN:232 in CH[0] to used list 
[INFO]  IMS insert LBN:233 in CH[0] to used list 
[INFO]  IMS insert LBN:752 in CH[1] to used list 
[INFO]  IMS insert LBN:234 in CH[0] to used list 
[INFO]  IMS insert LBN:235 in CH[0] to used list 
[INFO]  IMS insert LBN:1278 in CH[2] to used list 
[INFO]  IMS insert LBN:753 in CH[1] to used list 
[INFO]  IMS insert LBN:1778 in CH[3] to used list 
[INFO]  IMS insert LBN:754 in CH[1] to used list 
[INFO]  IMS insert LBN:1279 in CH[2] to used list 
[INFO]  IMS insert LBN:1779 in CH[3] to used list 
[INFO]  IMS insert LBN:1780 in CH[3] to used list 
[INFO]  IMS insert LBN:755 in CH[1] to used list 
[INFO]  IMS insert LBN:1781 in CH[3] to used list 
[INFO]  IMS insert LBN:756 in CH[1] to used list 
[INFO]  IMS insert LBN:1782 in CH[3] to used list 
[INFO]  IMS insert LBN:1783 in CH[3] to used list 
[INFO]  IMS insert LBN:1784 in CH[3] to used list 
[INFO]  IMS insert LBN:236 in CH[0] to used list 
[INFO]  IMS insert LBN:237 in CH[0] to used list 
[INFO]  IMS insert LBN:238 in CH[0] to used list 
[INFO]  IMS insert LBN:1785 in CH[3] to used list 
[INFO]  IMS insert LBN:757 in CH[1] to used list 
[INFO]  IMS insert LBN:1786 in CH[3] to used list 
[INFO]  IMS insert LBN:1787 in CH[3] to used list 
[INFO]  IMS insert LBN:239 in CH[0] to used list 
[INFO]  IMS insert LBN:240 in CH[0] to used list 
[INFO]  IMS insert LBN:758 in CH[1] to used list 
[INFO]  IMS insert LBN:759 in CH[1] to used list 
[INFO]  IMS insert LBN:760 in CH[1] to used list 
[INFO]  IMS insert LBN:1788 in CH[3] to used list 
[INFO]  IMS insert LBN:241 in CH[0] to used list 
[INFO]  IMS insert LBN:242 in CH[0] to used list 
[INFO]  IMS insert LBN:243 in CH[0] to used list 
[INFO]  IMS insert LBN:1280 in CH[2] to used list 
[INFO]  IMS insert LBN:1789 in CH[3] to used list 
[INFO]  IMS insert LBN:1790 in CH[3] to used list 
[INFO]  IMS insert LBN:1791 in CH[3] to used list 
[INFO]  IMS insert LBN:244 in CH[0] to used list 
[INFO]  IMS insert LBN:761 in CH[1] to used list 
[INFO]  IMS insert LBN:1792 in CH[3] to used list 
[INFO]  IMS insert LBN:1793 in CH[3] to used list 
[INFO]  IMS insert LBN:245 in CH[0] to used list 
[INFO]  IMS insert LBN:762 in CH[1] to used list 
[INFO]  IMS insert LBN:1794 in CH[3] to used list 
[INFO]  IMS insert LBN:1281 in CH[2] to used list 
[INFO]  IMS insert LBN:246 in CH[0] to used list 
[INFO]  IMS insert LBN:1282 in CH[2] to used list 
[INFO]  IMS insert LBN:1795 in CH[3] to used list 
[INFO]  IMS insert LBN:763 in CH[1] to used list 
[INFO]  IMS insert LBN:764 in CH[1] to used list 
[INFO]  IMS insert LBN:1796 in CH[3] to used list 
[INFO]  IMS insert LBN:1283 in CH[2] to used list 
[INFO]  IMS insert LBN:247 in CH[0] to used list 
[INFO]  IMS insert LBN:1797 in CH[3] to used list 
[INFO]  IMS insert LBN:1284 in CH[2] to used list 
[INFO]  IMS insert LBN:765 in CH[1] to used list 
[INFO]  IMS insert LBN:1798 in CH[3] to used list 
[INFO]  IMS insert LBN:1799 in CH[3] to used list 
[INFO]  IMS insert LBN:1800 in CH[3] to used list 
[INFO]  IMS insert LBN:766 in CH[1] to used list 
[INFO]  IMS insert LBN:1285 in CH[2] to used list 
[INFO]  IMS insert LBN:767 in CH[1] to used list 
[INFO]  IMS insert LBN:1801 in CH[3] to used list 
[INFO]  IMS insert LBN:768 in CH[1] to used list 
[INFO]  IMS insert LBN:769 in CH[1] to used list 
[INFO]  IMS insert LBN:248 in CH[0] to used list 
[INFO]  IMS insert LBN:249 in CH[0] to used list 
[INFO]  IMS insert LBN:250 in CH[0] to used list 
[INFO]  IMS insert LBN:251 in CH[0] to used list 
[INFO]  IMS insert LBN:1802 in CH[3] to used list 
[INFO]  IMS insert LBN:1803 in CH[3] to used list 
[INFO]  IMS insert LBN:1286 in CH[2] to used list 
[INFO]  IMS insert LBN:252 in CH[0] to used list 
[INFO]  IMS insert LBN:1804 in CH[3] to used list 
[INFO]  IMS insert LBN:1287 in CH[2] to used list 
[INFO]  IMS insert LBN:1288 in CH[2] to used list 
[INFO]  IMS insert LBN:1805 in CH[3] to used list 
[INFO]  IMS insert LBN:253 in CH[0] to used list 
[INFO]  IMS insert LBN:1806 in CH[3] to used list 
[INFO]  IMS insert LBN:254 in CH[0] to used list 
[INFO]  IMS insert LBN:255 in CH[0] to used list 
[INFO]  IMS insert LBN:1807 in CH[3] to used list 
[INFO]  IMS insert LBN:256 in CH[0] to used list 
[INFO]  IMS insert LBN:770 in CH[1] to used list 
[INFO]  IMS insert LBN:1289 in CH[2] to used list 
[INFO]  IMS insert LBN:1808 in CH[3] to used list 
[INFO]  IMS insert LBN:1809 in CH[3] to used list 
[INFO]  IMS insert LBN:1810 in CH[3] to used list 
[INFO]  IMS insert LBN:1811 in CH[3] to used list 
[INFO]  IMS insert LBN:771 in CH[1] to used list 
[INFO]  IMS insert LBN:1290 in CH[2] to used list 
[INFO]  IMS insert LBN:257 in CH[0] to used list 
[INFO]  IMS insert LBN:1812 in CH[3] to used list 
[INFO]  IMS insert LBN:1291 in CH[2] to used list 
[INFO]  IMS insert LBN:258 in CH[0] to used list 
[INFO]  IMS insert LBN:1813 in CH[3] to used list 
[INFO]  IMS insert LBN:1292 in CH[2] to used list 
[INFO]  IMS insert LBN:772 in CH[1] to used list 
[INFO]  IMS insert LBN:1293 in CH[2] to used list 
[INFO]  IMS insert LBN:773 in CH[1] to used list 
[INFO]  IMS insert LBN:259 in CH[0] to used list 
[INFO]  IMS insert LBN:774 in CH[1] to used list 
[INFO]  IMS insert LBN:260 in CH[0] to used list 
[INFO]  IMS insert LBN:775 in CH[1] to used list 
[INFO]  IMS insert LBN:1294 in CH[2] to used list 
[INFO]  IMS insert LBN:261 in CH[0] to used list 
[INFO]  IMS insert LBN:776 in CH[1] to used list 
[INFO]  IMS insert LBN:1295 in CH[2] to used list 
[INFO]  IMS insert LBN:1296 in CH[2] to used list 
[INFO]  IMS insert LBN:777 in CH[1] to used list 
[INFO]  IMS insert LBN:1297 in CH[2] to used list 
[INFO]  IMS insert LBN:1298 in CH[2] to used list 
[INFO]  IMS insert LBN:1814 in CH[3] to used list 
[INFO]  IMS insert LBN:1299 in CH[2] to used list 
[INFO]  IMS insert LBN:262 in CH[0] to used list 
[INFO]  IMS insert LBN:778 in CH[1] to used list 
[INFO]  IMS insert LBN:1300 in CH[2] to used list 
[INFO]  IMS insert LBN:1301 in CH[2] to used list 
[INFO]  IMS insert LBN:779 in CH[1] to used list 
[INFO]  IMS insert LBN:263 in CH[0] to used list 
[INFO]  IMS insert LBN:264 in CH[0] to used list 
[INFO]  IMS insert LBN:780 in CH[1] to used list 
[INFO]  IMS insert LBN:781 in CH[1] to used list 
[INFO]  IMS insert LBN:782 in CH[1] to used list 
[INFO]  IMS insert LBN:783 in CH[1] to used list 
[INFO]  IMS insert LBN:1815 in CH[3] to used list 
[INFO]  IMS insert LBN:784 in CH[1] to used list 
[INFO]  IMS insert LBN:785 in CH[1] to used list 
[INFO]  IMS insert LBN:1302 in CH[2] to used list 
[INFO]  IMS insert LBN:1816 in CH[3] to used list 
[INFO]  IMS insert LBN:265 in CH[0] to used list 
[INFO]  IMS insert LBN:1817 in CH[3] to used list 
[INFO]  IMS insert LBN:786 in CH[1] to used list 
[INFO]  IMS insert LBN:1818 in CH[3] to used list 
[INFO]  IMS insert LBN:1303 in CH[2] to used list 
[INFO]  IMS insert LBN:1304 in CH[2] to used list 
[INFO]  IMS insert LBN:787 in CH[1] to used list 
[INFO]  IMS insert LBN:1819 in CH[3] to used list 
[INFO]  IMS insert LBN:1305 in CH[2] to used list 
[INFO]  IMS insert LBN:788 in CH[1] to used list 
[INFO]  IMS insert LBN:789 in CH[1] to used list 
[INFO]  IMS insert LBN:1820 in CH[3] to used list 
[INFO]  IMS insert LBN:266 in CH[0] to used list 
[INFO]  IMS insert LBN:790 in CH[1] to used list 
[INFO]  IMS insert LBN:1821 in CH[3] to used list 
[INFO]  IMS insert LBN:1306 in CH[2] to used list 
[INFO]  IMS insert LBN:1307 in CH[2] to used list 
[INFO]  IMS insert LBN:791 in CH[1] to used list 
[INFO]  IMS insert LBN:1822 in CH[3] to used list 
[INFO]  IMS insert LBN:1308 in CH[2] to used list 
[INFO]  IMS insert LBN:1309 in CH[2] to used list 
[INFO]  IMS insert LBN:1823 in CH[3] to used list 
[INFO]  IMS insert LBN:1824 in CH[3] to used list 
[INFO]  IMS insert LBN:1825 in CH[3] to used list 
[INFO]  IMS insert LBN:1310 in CH[2] to used list 
[INFO]  IMS insert LBN:792 in CH[1] to used list 
[INFO]  IMS insert LBN:793 in CH[1] to used list 
[INFO]  IMS insert LBN:1311 in CH[2] to used list 
[INFO]  IMS insert LBN:1826 in CH[3] to used list 
[INFO]  IMS insert LBN:1312 in CH[2] to used list 
[INFO]  IMS insert LBN:1313 in CH[2] to used list 
[INFO]  IMS insert LBN:794 in CH[1] to used list 
[INFO]  IMS insert LBN:795 in CH[1] to used list 
[INFO]  IMS insert LBN:1827 in CH[3] to used list 
[INFO]  IMS insert LBN:1314 in CH[2] to used list 
[INFO]  IMS insert LBN:1828 in CH[3] to used list 
[INFO]  IMS insert LBN:796 in CH[1] to used list 
[INFO]  IMS insert LBN:1315 in CH[2] to used list 
[INFO]  IMS insert LBN:1316 in CH[2] to used list 
[INFO]  IMS insert LBN:1317 in CH[2] to used list 
[INFO]  IMS insert LBN:267 in CH[0] to used list 
[INFO]  IMS insert LBN:268 in CH[0] to used list 
[INFO]  IMS insert LBN:269 in CH[0] to used list 
[INFO]  IMS insert LBN:1318 in CH[2] to used list 
[INFO]  IMS insert LBN:1829 in CH[3] to used list 
[INFO]  IMS insert LBN:270 in CH[0] to used list 
[INFO]  IMS insert LBN:1319 in CH[2] to used list 
[INFO]  IMS insert LBN:1830 in CH[3] to used list 
[INFO]  IMS insert LBN:797 in CH[1] to used list 
[INFO]  IMS insert LBN:1320 in CH[2] to used list 
[INFO]  IMS insert LBN:271 in CH[0] to used list 
[INFO]  IMS insert LBN:798 in CH[1] to used list 
[INFO]  IMS insert LBN:1831 in CH[3] to used list 
[INFO]  IMS insert LBN:1321 in CH[2] to used list 
[INFO]  IMS insert LBN:1832 in CH[3] to used list 
[INFO]  IMS insert LBN:799 in CH[1] to used list 
[INFO]  IMS insert LBN:800 in CH[1] to used list 
[INFO]  IMS insert LBN:1322 in CH[2] to used list 
[INFO]  IMS insert LBN:272 in CH[0] to used list 
[INFO]  IMS insert LBN:273 in CH[0] to used list 
[INFO]  IMS insert LBN:1323 in CH[2] to used list 
[INFO]  IMS insert LBN:274 in CH[0] to used list 
[INFO]  IMS insert LBN:1324 in CH[2] to used list 
[INFO]  IMS insert LBN:275 in CH[0] to used list 
[INFO]  IMS insert LBN:801 in CH[1] to used list 
[INFO]  IMS insert LBN:1833 in CH[3] to used list 
[INFO]  IMS insert LBN:1834 in CH[3] to used list 
[INFO]  IMS insert LBN:1325 in CH[2] to used list 
[INFO]  IMS insert LBN:802 in CH[1] to used list 
[INFO]  IMS insert LBN:1326 in CH[2] to used list 
[INFO]  IMS insert LBN:803 in CH[1] to used list 
[INFO]  IMS insert LBN:1327 in CH[2] to used list 
[INFO]  IMS insert LBN:1328 in CH[2] to used list 
[INFO]  IMS insert LBN:276 in CH[0] to used list 
[INFO]  IMS insert LBN:1329 in CH[2] to used list 
[INFO]  IMS insert LBN:1835 in CH[3] to used list 
[INFO]  IMS insert LBN:277 in CH[0] to used list 
[INFO]  IMS insert LBN:1330 in CH[2] to used list 
[INFO]  IMS insert LBN:278 in CH[0] to used list 
[INFO]  IMS insert LBN:1331 in CH[2] to used list 
[INFO]  IMS insert LBN:1332 in CH[2] to used list 
[INFO]  IMS insert LBN:1836 in CH[3] to used list 
[INFO]  IMS insert LBN:1837 in CH[3] to used list 
[INFO]  IMS insert LBN:1838 in CH[3] to used list 
[INFO]  IMS insert LBN:804 in CH[1] to used list 
[INFO]  IMS insert LBN:1839 in CH[3] to used list 
[INFO]  IMS insert LBN:279 in CH[0] to used list 
[INFO]  IMS insert LBN:280 in CH[0] to used list 
[INFO]  IMS insert LBN:805 in CH[1] to used list 
[INFO]  IMS insert LBN:1840 in CH[3] to used list 
[INFO]  IMS insert LBN:806 in CH[1] to used list 
[INFO]  IMS insert LBN:807 in CH[1] to used list 
[INFO]  IMS insert LBN:1841 in CH[3] to used list 
[INFO]  IMS insert LBN:1333 in CH[2] to used list 
[INFO]  IMS insert LBN:1842 in CH[3] to used list 
[INFO]  IMS insert LBN:1843 in CH[3] to used list 
[INFO]  IMS insert LBN:1334 in CH[2] to used list 
[INFO]  IMS insert LBN:808 in CH[1] to used list 
[INFO]  IMS insert LBN:281 in CH[0] to used list 
[INFO]  IMS insert LBN:809 in CH[1] to used list 
[INFO]  IMS insert LBN:1844 in CH[3] to used list 
[INFO]  IMS insert LBN:1845 in CH[3] to used list 
[INFO]  IMS insert LBN:1335 in CH[2] to used list 
[INFO]  IMS insert LBN:1846 in CH[3] to used list 
[INFO]  IMS insert LBN:1847 in CH[3] to used list 
[INFO]  IMS insert LBN:810 in CH[1] to used list 
[INFO]  IMS insert LBN:1848 in CH[3] to used list 
[INFO]  IMS insert LBN:282 in CH[0] to used list 
[INFO]  IMS insert LBN:1336 in CH[2] to used list 
[INFO]  IMS insert LBN:1849 in CH[3] to used list 
[INFO]  IMS insert LBN:283 in CH[0] to used list 
[INFO]  IMS insert LBN:1850 in CH[3] to used list 
[INFO]  IMS insert LBN:284 in CH[0] to used list 
[INFO]  IMS insert LBN:811 in CH[1] to used list 
[INFO]  IMS insert LBN:1337 in CH[2] to used list 
[INFO]  IMS insert LBN:812 in CH[1] to used list 
[INFO]  IMS insert LBN:1338 in CH[2] to used list 
[INFO]  IMS insert LBN:1339 in CH[2] to used list 
[INFO]  IMS insert LBN:1851 in CH[3] to used list 
[INFO]  IMS insert LBN:813 in CH[1] to used list 
[INFO]  IMS insert LBN:1340 in CH[2] to used list 
[INFO]  IMS insert LBN:1852 in CH[3] to used list 
[INFO]  IMS insert LBN:814 in CH[1] to used list 
[INFO]  IMS insert LBN:285 in CH[0] to used list 
[INFO]  IMS insert LBN:1341 in CH[2] to used list 
[INFO]  IMS insert LBN:1853 in CH[3] to used list 
[INFO]  IMS insert LBN:1854 in CH[3] to used list 
[INFO]  IMS insert LBN:815 in CH[1] to used list 
[INFO]  IMS insert LBN:816 in CH[1] to used list 
[INFO]  IMS insert LBN:1342 in CH[2] to used list 
[INFO]  IMS insert LBN:817 in CH[1] to used list 
[INFO]  IMS insert LBN:286 in CH[0] to used list 
[INFO]  IMS insert LBN:287 in CH[0] to used list 
[INFO]  IMS insert LBN:1855 in CH[3] to used list 
[INFO]  IMS insert LBN:1856 in CH[3] to used list 
[INFO]  IMS insert LBN:1857 in CH[3] to used list 
[INFO]  IMS insert LBN:1858 in CH[3] to used list 
[INFO]  IMS insert LBN:818 in CH[1] to used list 
[INFO]  IMS insert LBN:819 in CH[1] to used list 
[INFO]  IMS insert LBN:1859 in CH[3] to used list 
[...]
[----------] 1 test from PersistenceTest (7 ms total)

[----------] Global test environment tear-down
[==========] 1 test from 1 test suite ran. (7 ms total)
[  PASSED  ] 1 test.
<end of output>
Test time =   0.01 sec
----------------------------------------------------------
Test Passed.
"persistence_test.PersistenceTest.ReadWriteSStableBlock" end time: Jun 13 10:07 CST
"persistence_test.PersistenceTest.ReadWriteSStableBlock" time elapsed: 00:00:00
----------------------------------------------------------

30/40 Testing: persistence_test.PersistenceTest.ReadWriteSStablePage
30/40 Test: persistence_test.PersistenceTest.ReadWriteSStablePage
Command: "/home/timatm/mappingtest/build/tests/persistence_test" "--gtest_filter=PersistenceTest.ReadWriteSStablePage" "--gtest_also_run_disabled_tests"
Directory: /home/timatm/mappingtest/build/tests
"persistence_test.PersistenceTest.ReadWriteSStablePage" start time: Jun 13 10:07 CST
Output:
----------------------------------------------------------
Running main() from /home/timatm/mappingtest/build/_deps/googletest-src/googletest/src/gtest_main.cc
Note: Google Test filter = PersistenceTest.ReadWriteSStablePage
[==========] Running 1 test from 1 test suite.
[----------] Global test environment set-up.
[----------] 1 test from PersistenceTest
[ RUN      ] PersistenceTest.ReadWriteSStablePage
[INFO]  Disk file expanded to 33554432 bytes
[INFO]  Total LBN num: 2048
[INFO]  Open disk success
[       OK ] PersistenceTest.ReadWriteSStablePage (3 ms)
[----------] 1 test from PersistenceTest (3 ms total)

[----------] Global test environment tear-down
[==========] 1 test from 1 test suite ran. (3 ms total)
[  PASSED  ] 1 test.
<end of output>
Test time =   0.01 sec
----------------------------------------------------------
Test Passed.
"persistence_test.PersistenceTest.ReadWriteSStablePage" end time: Jun 13 10:07 CST
"persistence_test.PersistenceTest.ReadWriteSStablePage" time elapsed: 00:00:00
----------------------------------------------------------

31/40 Testing: persistence_test.PersistenceTest.ReadWriteMappingTable
31/40 Test: persistence_test.PersistenceTest.ReadWriteMappingTable
Command: "/home/timatm/mappingtest/build/tests/persistence_test" "--gtest_filter=PersistenceTest.ReadWriteMappingTable" "--gtest_also_run_disabled_tests"
Directory: /home/timatm/mappingtest/build/tests
"persistence_test.PersistenceTest.ReadWriteMappingTable" start time: Jun 13 10:07 CST
Output:
----------------------------------------------------------
Running main() from /home/timatm/mappingtest/build/_deps/googletest-src/googletest/src/gtest_main.cc
Note: Google Test filter = PersistenceTest.ReadWriteMappingTable
[==========] Running 1 test from 1 test suite.
[----------] Global test environment set-up.
[----------] 1 test from PersistenceTest
[ RUN      ] PersistenceTest.ReadWriteMappingTable
[INFO]  Disk file expanded to 33554432 bytes
[INFO]  Total LBN num: 2048
[INFO]  Open disk success
[INFO]  Flush mapping table to disk at LBN: 0
[DEBUG] Cannot find node for file3.sst
[DEBUG] Cannot find node for file2.sst
[DEBUG] Cannot find node for file1.sst
[INFO]  Flushed mapping table to disk at LPN: 0
[INFO]  Mapping store entry num:3
[INFO]  Mapping store pages num: 1
[       OK ] PersistenceTest.ReadWriteMappingTable (0 ms)
[----------] 1 test from PersistenceTest (0 ms total)

[----------] Global test environment tear-down
[==========] 1 test from 1 test suite ran. (0 ms total)
[  PASSED  ] 1 test.
<end of output>
Test time =   0.00 sec
----------------------------------------------------------
Test Passed.
"persistence_test.PersistenceTest.ReadWriteMappingTable" end time: Jun 13 10:07 CST
"persistence_test.PersistenceTest.ReadWriteMappingTable" time elapsed: 00:00:00
----------------------------------------------------------

32/40 Testing: readwrite_SStable_test.IMSInterfaceTest.WriteThenReadSuccess
32/40 Test: readwrite_SStable_test.IMSInterfaceTest.WriteThenReadSuccess
Command: "/home/timatm/mappingtest/build/tests/readwrite_SStable_test" "--gtest_filter=IMSInterfaceTest.WriteThenReadSuccess" "--gtest_also_run_disabled_tests"
Directory: /home/timatm/mappingtest/build/tests
"readwrite_SStable_test.IMSInterfaceTest.WriteThenReadSuccess" start time: Jun 13 10:07 CST
Output:
----------------------------------------------------------
Running main() from /home/timatm/mappingtest/build/_deps/googletest-src/googletest/src/gtest_main.cc
Note: Google Test filter = IMSInterfaceTest.WriteThenReadSuccess
[==========] Running 1 test from 1 test suite.
[----------] Global test environment set-up.
[----------] 1 test from IMSInterfaceTest
[ RUN      ] IMSInterfaceTest.WriteThenReadSuccess
[INFO]  Disk file expanded to 33554432 bytes
[INFO]  Total LBN num: 2048
[INFO]  Open disk success
[INFO]  Write request for file: 001.sst, level: 1, range: [0, 10]
[DEBUG] Parent level is 0, no parent node can be linked
[INFO]  My policy selected LBN: 0 from channel: 0
[INFO]  Allocated LBN 0 for file: 001.sst
[INFO]  Write block to LBN 0 in CH[0] for file: 001.sst successfully
[INFO]  IMS insert LBN:0 in CH[0] to used list 
[INFO]  Read data from LBN 0 for file: 001.sst successfully
[       OK ] IMSInterfaceTest.WriteThenReadSuccess (3 ms)
[----------] 1 test from IMSInterfaceTest (3 ms total)

[----------] Global test environment tear-down
[==========] 1 test from 1 test suite ran. (3 ms total)
[  PASSED  ] 1 test.
<end of output>
Test time =   0.01 sec
----------------------------------------------------------
Test Passed.
"readwrite_SStable_test.IMSInterfaceTest.WriteThenReadSuccess" end time: Jun 13 10:07 CST
"readwrite_SStable_test.IMSInterfaceTest.WriteThenReadSuccess" time elapsed: 00:00:00
----------------------------------------------------------

33/40 Testing: readwrite_SStable_test.IMSInterfaceTest.WriteNullBufferFails
33/40 Test: readwrite_SStable_test.IMSInterfaceTest.WriteNullBufferFails
Command: "/home/timatm/mappingtest/build/tests/readwrite_SStable_test" "--gtest_filter=IMSInterfaceTest.WriteNullBufferFails" "--gtest_also_run_disabled_tests"
Directory: /home/timatm/mappingtest/build/tests
"readwrite_SStable_test.IMSInterfaceTest.WriteNullBufferFails" start time: Jun 13 10:07 CST
Output:
----------------------------------------------------------
Running main() from /home/timatm/mappingtest/build/_deps/googletest-src/googletest/src/gtest_main.cc
Note: Google Test filter = IMSInterfaceTest.WriteNullBufferFails
[==========] Running 1 test from 1 test suite.
[----------] Global test environment set-up.
[----------] 1 test from IMSInterfaceTest
[ RUN      ] IMSInterfaceTest.WriteNullBufferFails
[INFO]  Disk file expanded to 33554432 bytes
[INFO]  Total LBN num: 2048
[INFO]  Open disk success
[INFO]  Write request for file: 001.sst, level: 1, range: [0, 10]
[INFO]  ERROR: Null buffer provided for write to file: 001.sst
[       OK ] IMSInterfaceTest.WriteNullBufferFails (0 ms)
[----------] 1 test from IMSInterfaceTest (0 ms total)

[----------] Global test environment tear-down
[==========] 1 test from 1 test suite ran. (0 ms total)
[  PASSED  ] 1 test.
<end of output>
Test time =   0.00 sec
----------------------------------------------------------
Test Passed.
"readwrite_SStable_test.IMSInterfaceTest.WriteNullBufferFails" end time: Jun 13 10:07 CST
"readwrite_SStable_test.IMSInterfaceTest.WriteNullBufferFails" time elapsed: 00:00:00
----------------------------------------------------------

34/40 Testing: readwrite_SStable_test.IMSInterfaceTest.ReadNullBufferFails
34/40 Test: readwrite_SStable_test.IMSInterfaceTest.ReadNullBufferFails
Command: "/home/timatm/mappingtest/build/tests/readwrite_SStable_test" "--gtest_filter=IMSInterfaceTest.ReadNullBufferFails" "--gtest_also_run_disabled_tests"
Directory: /home/timatm/mappingtest/build/tests
"readwrite_SStable_test.IMSInterfaceTest.ReadNullBufferFails" start time: Jun 13 10:07 CST
Output:
----------------------------------------------------------
Running main() from /home/timatm/mappingtest/build/_deps/googletest-src/googletest/src/gtest_main.cc
Note: Google Test filter = IMSInterfaceTest.ReadNullBufferFails
[==========] Running 1 test from 1 test suite.
[----------] Global test environment set-up.
[----------] 1 test from IMSInterfaceTest
[ RUN      ] IMSInterfaceTest.ReadNullBufferFails
[INFO]  Disk file expanded to 33554432 bytes
[INFO]  Total LBN num: 2048
[INFO]  Open disk success
[INFO]  ERROR: Null buffer provided to read file: 001.sst
[       OK ] IMSInterfaceTest.ReadNullBufferFails (0 ms)
[----------] 1 test from IMSInterfaceTest (0 ms total)

[----------] Global test environment tear-down
[==========] 1 test from 1 test suite ran. (0 ms total)
[  PASSED  ] 1 test.
<end of output>
Test time =   0.00 sec
----------------------------------------------------------
Test Passed.
"readwrite_SStable_test.IMSInterfaceTest.ReadNullBufferFails" end time: Jun 13 10:07 CST
"readwrite_SStable_test.IMSInterfaceTest.ReadNullBufferFails" time elapsed: 00:00:00
----------------------------------------------------------

35/40 Testing: readwrite_SStable_test.IMSInterfaceTest.ReadNonExistentFileFails
35/40 Test: readwrite_SStable_test.IMSInterfaceTest.ReadNonExistentFileFails
Command: "/home/timatm/mappingtest/build/tests/readwrite_SStable_test" "--gtest_filter=IMSInterfaceTest.ReadNonExistentFileFails" "--gtest_also_run_disabled_tests"
Directory: /home/timatm/mappingtest/build/tests
"readwrite_SStable_test.IMSInterfaceTest.ReadNonExistentFileFails" start time: Jun 13 10:07 CST
Output:
----------------------------------------------------------
Running main() from /home/timatm/mappingtest/build/_deps/googletest-src/googletest/src/gtest_main.cc
Note: Google Test filter = IMSInterfaceTest.ReadNonExistentFileFails
[==========] Running 1 test from 1 test suite.
[----------] Global test environment set-up.
[----------] 1 test from IMSInterfaceTest
[ RUN      ] IMSInterfaceTest.ReadNonExistentFileFails
[INFO]  Disk file expanded to 33554432 bytes
[INFO]  Total LBN num: 2048
[INFO]  Open disk success
[INFO]  ERROR: File nonexistent.sst not found in mapping table
[       OK ] IMSInterfaceTest.ReadNonExistentFileFails (0 ms)
[----------] 1 test from IMSInterfaceTest (0 ms total)

[----------] Global test environment tear-down
[==========] 1 test from 1 test suite ran. (0 ms total)
[  PASSED  ] 1 test.
<end of output>
Test time =   0.00 sec
----------------------------------------------------------
Test Passed.
"readwrite_SStable_test.IMSInterfaceTest.ReadNonExistentFileFails" end time: Jun 13 10:07 CST
"readwrite_SStable_test.IMSInterfaceTest.ReadNonExistentFileFails" time elapsed: 00:00:00
----------------------------------------------------------

36/40 Testing: readwrite_SStable_test.IMSInterfaceTest.DuplicateWriteFails
36/40 Test: readwrite_SStable_test.IMSInterfaceTest.DuplicateWriteFails
Command: "/home/timatm/mappingtest/build/tests/readwrite_SStable_test" "--gtest_filter=IMSInterfaceTest.DuplicateWriteFails" "--gtest_also_run_disabled_tests"
Directory: /home/timatm/mappingtest/build/tests
"readwrite_SStable_test.IMSInterfaceTest.DuplicateWriteFails" start time: Jun 13 10:07 CST
Output:
----------------------------------------------------------
Running main() from /home/timatm/mappingtest/build/_deps/googletest-src/googletest/src/gtest_main.cc
Note: Google Test filter = IMSInterfaceTest.DuplicateWriteFails
[==========] Running 1 test from 1 test suite.
[----------] Global test environment set-up.
[----------] 1 test from IMSInterfaceTest
[ RUN      ] IMSInterfaceTest.DuplicateWriteFails
[INFO]  Disk file expanded to 33554432 bytes
[INFO]  Total LBN num: 2048
[INFO]  Open disk success
[INFO]  Write request for file: 001.sst, level: 1, range: [0, 10]
[DEBUG] Parent level is 0, no parent node can be linked
[INFO]  My policy selected LBN: 0 from channel: 0
[INFO]  Allocated LBN 0 for file: 001.sst
[INFO]  Write block to LBN 0 in CH[0] for file: 001.sst successfully
[INFO]  IMS insert LBN:0 in CH[0] to used list 
[INFO]  Write request for file: 001.sst, level: 1, range: [0, 10]
[INFO]  ERROR: Mapping already exists, refusing to overwrite file: 001.sst
[       OK ] IMSInterfaceTest.DuplicateWriteFails (1 ms)
[----------] 1 test from IMSInterfaceTest (1 ms total)

[----------] Global test environment tear-down
[==========] 1 test from 1 test suite ran. (1 ms total)
[  PASSED  ] 1 test.
<end of output>
Test time =   0.00 sec
----------------------------------------------------------
Test Passed.
"readwrite_SStable_test.IMSInterfaceTest.DuplicateWriteFails" end time: Jun 13 10:07 CST
"readwrite_SStable_test.IMSInterfaceTest.DuplicateWriteFails" time elapsed: 00:00:00
----------------------------------------------------------

37/40 Testing: tree_test.TreeTest.TreeTest1
37/40 Test: tree_test.TreeTest.TreeTest1
Command: "/home/timatm/mappingtest/build/tests/tree_test" "--gtest_filter=TreeTest.TreeTest1" "--gtest_also_run_disabled_tests"
Directory: /home/timatm/mappingtest/build/tests
"tree_test.TreeTest.TreeTest1" start time: Jun 13 10:07 CST
Output:
----------------------------------------------------------
Running main() from /home/timatm/mappingtest/build/_deps/googletest-src/googletest/src/gtest_main.cc
Note: Google Test filter = TreeTest.TreeTest1
[==========] Running 1 test from 1 test suite.
[----------] Global test environment set-up.
[----------] 1 test from TreeTest
[ RUN      ] TreeTest.TreeTest1
[DEBUG] Insert A
[DEBUG] Parent level is 0, no parent node can be linked
[DEBUG] Insert B
[DEBUG] Parent level is 0, no parent node can be linked
[DEBUG] Insert C
[DEBUG] Insert D
[DEBUG] Insert E
[DEBUG] filename: A children node:C 
[DEBUG] filename: B children node:D 
[DEBUG] filename: B children node:C 
[DEBUG] No children for node: C
[DEBUG] Insert F
[DEBUG] Insert G
[DEBUG] filename: F children node:G 
[DEBUG] filename: F children node:E 
[       OK ] TreeTest.TreeTest1 (0 ms)
[----------] 1 test from TreeTest (0 ms total)

[----------] Global test environment tear-down
[==========] 1 test from 1 test suite ran. (0 ms total)
[  PASSED  ] 1 test.
<end of output>
Test time =   0.00 sec
----------------------------------------------------------
Test Passed.
"tree_test.TreeTest.TreeTest1" end time: Jun 13 10:07 CST
"tree_test.TreeTest.TreeTest1" time elapsed: 00:00:00
----------------------------------------------------------

38/40 Testing: tree_test.TreeTest.TreeTest2
38/40 Test: tree_test.TreeTest.TreeTest2
Command: "/home/timatm/mappingtest/build/tests/tree_test" "--gtest_filter=TreeTest.TreeTest2" "--gtest_also_run_disabled_tests"
Directory: /home/timatm/mappingtest/build/tests
"tree_test.TreeTest.TreeTest2" start time: Jun 13 10:07 CST
Output:
----------------------------------------------------------
Running main() from /home/timatm/mappingtest/build/_deps/googletest-src/googletest/src/gtest_main.cc
Note: Google Test filter = TreeTest.TreeTest2
[==========] Running 1 test from 1 test suite.
[----------] Global test environment set-up.
[----------] 1 test from TreeTest
[ RUN      ] TreeTest.TreeTest2
[DEBUG] Unknown command: 
[DEBUG] Insert A
[DEBUG] Parent level is 0, no parent node can be linked
[DEBUG] Insert B
[DEBUG] Parent level is 0, no parent node can be linked
[DEBUG] Insert C
[DEBUG] Parent level is 0, no parent node can be linked
[DEBUG] Insert D
[DEBUG] Parent level is 0, no parent node can be linked
[DEBUG] Insert E
[DEBUG] Insert F
[DEBUG] Insert G
[DEBUG] Insert H
[DEBUG] Insert I
[DEBUG] Insert J
[DEBUG] Insert K
[DEBUG] Insert L
[DEBUG] Insert M
[DEBUG] Insert N
[DEBUG] Insert O
[DEBUG] Unknown command: 
[DEBUG] filename: H children node:O 
[DEBUG] filename: H children node:N 
[DEBUG] filename: H children node:M 
[DEBUG] remove H
[DEBUG] filename: B children node:G 
[DEBUG] filename: B children node:F 
[DEBUG] filename: C children node:I 
[       OK ] TreeTest.TreeTest2 (0 ms)
[----------] 1 test from TreeTest (0 ms total)

[----------] Global test environment tear-down
[==========] 1 test from 1 test suite ran. (0 ms total)
[  PASSED  ] 1 test.
<end of output>
Test time =   0.00 sec
----------------------------------------------------------
Test Passed.
"tree_test.TreeTest.TreeTest2" end time: Jun 13 10:07 CST
"tree_test.TreeTest.TreeTest2" time elapsed: 00:00:00
----------------------------------------------------------

39/40 Testing: tree_test.TreeTest.TreeTest3
39/40 Test: tree_test.TreeTest.TreeTest3
Command: "/home/timatm/mappingtest/build/tests/tree_test" "--gtest_filter=TreeTest.TreeTest3" "--gtest_also_run_disabled_tests"
Directory: /home/timatm/mappingtest/build/tests
"tree_test.TreeTest.TreeTest3" start time: Jun 13 10:07 CST
Output:
----------------------------------------------------------
Running main() from /home/timatm/mappingtest/build/_deps/googletest-src/googletest/src/gtest_main.cc
Note: Google Test filter = TreeTest.TreeTest3
[==========] Running 1 test from 1 test suite.
[----------] Global test environment set-up.
[----------] 1 test from TreeTest
[ RUN      ] TreeTest.TreeTest3
[DEBUG] Unknown command: 
[DEBUG] Insert A
[DEBUG] Parent level is 0, no parent node can be linked
[DEBUG] Insert B
[DEBUG] Parent level is 0, no parent node can be linked
[DEBUG] Insert C
[DEBUG] Parent level is 0, no parent node can be linked
[DEBUG] Insert D
[DEBUG] Parent level is 0, no parent node can be linked
[DEBUG] Insert E
[DEBUG] Insert F
[DEBUG] Insert G
[DEBUG] Insert H
[DEBUG] Insert I
[DEBUG] Insert J
[DEBUG] Insert K
[DEBUG] Insert L
[DEBUG] Insert M
[DEBUG] Insert N
[DEBUG] Insert O
[DEBUG] Unknown command: 
Check node B in level:1
Check node G in level:2
Check node M in level:3
[       OK ] TreeTest.TreeTest3 (0 ms)
[----------] 1 test from TreeTest (0 ms total)

[----------] Global test environment tear-down
[==========] 1 test from 1 test suite ran. (0 ms total)
[  PASSED  ] 1 test.
<end of output>
Test time =   0.00 sec
----------------------------------------------------------
Test Passed.
"tree_test.TreeTest.TreeTest3" end time: Jun 13 10:07 CST
"tree_test.TreeTest.TreeTest3" time elapsed: 00:00:00
----------------------------------------------------------

40/40 Testing: tree_test.TreeTest.TreeSearchTest
40/40 Test: tree_test.TreeTest.TreeSearchTest
Command: "/home/timatm/mappingtest/build/tests/tree_test" "--gtest_filter=TreeTest.TreeSearchTest" "--gtest_also_run_disabled_tests"
Directory: /home/timatm/mappingtest/build/tests
"tree_test.TreeTest.TreeSearchTest" start time: Jun 13 10:07 CST
Output:
----------------------------------------------------------
Running main() from /home/timatm/mappingtest/build/_deps/googletest-src/googletest/src/gtest_main.cc
Note: Google Test filter = TreeTest.TreeSearchTest
[==========] Running 1 test from 1 test suite.
[----------] Global test environment set-up.
[----------] 1 test from TreeTest
[ RUN      ] TreeTest.TreeSearchTest
[DEBUG] Unknown command: 
[DEBUG] Insert A
[DEBUG] Parent level is 0, no parent node can be linked
[DEBUG] Insert B
[DEBUG] Parent level is 0, no parent node can be linked
[DEBUG] Insert C
[DEBUG] Parent level is 0, no parent node can be linked
[DEBUG] Insert D
[DEBUG] Parent level is 0, no parent node can be linked
[DEBUG] Insert E
[DEBUG] Insert F
[DEBUG] Insert G
[DEBUG] Insert H
[DEBUG] Insert I
[DEBUG] Insert J
[DEBUG] Insert K
[DEBUG] Insert L
[DEBUG] Insert M
[DEBUG] Insert N
[DEBUG] Insert O
[DEBUG] Unknown command: 
Check node A in level:1
Check node F in level:2
Check node L in level:3
Size:3
[       OK ] TreeTest.TreeSearchTest (0 ms)
[----------] 1 test from TreeTest (0 ms total)

[----------] Global test environment tear-down
[==========] 1 test from 1 test suite ran. (0 ms total)
[  PASSED  ] 1 test.
<end of output>
Test time =   0.00 sec
----------------------------------------------------------
Test Passed.
"tree_test.TreeTest.TreeSearchTest" end time: Jun 13 10:07 CST
"tree_test.TreeTest.TreeSearchTest" time elapsed: 00:00:00
----------------------------------------------------------

End testing: Jun 13 10:07 CST
